/COM,ANSYS RELEASE 2025 R1           BUILD 25.1      UP20241202       22:02:18
/COM,ANSYS RELEASE 2025 R1           BUILD 25.1      UP20241202       22:04:42
/COM,ANSYS RELEASE 2025 R1           BUILD 25.1      UP20241202       22:04:51
/COM,ANSYS RELEASE 2025 R1           BUILD 25.1      UP20241202       08:58:36
/COM,ANSYS RELEASE 2025 R1           BUILD 25.1      UP20241202       09:05:14

 *** WARNING ***                         CP =       0.234   TIME= 09:05:17
 Invalid UNITS Label.  Valid units are:                                  
  USER SI CGS BFT BIN MKS MPA and UMKS.                                  
/COM,ANSYS RELEASE 2025 R1           BUILD 25.1      UP20241202       09:08:22

 *** WARNING ***                         CP =       0.312   TIME= 09:08:24
 Invalid UNITS Label.  Valid units are:                                  
  USER SI CGS BFT BIN MKS MPA and UMKS.                                  
/COM,ANSYS RELEASE 2025 R1           BUILD 25.1      UP20241202       09:11:36

 *** WARNING ***                         CP =       0.375   TIME= 09:11:40
 Invalid UNITS Label.  Valid units are:                                  
  USER SI CGS BFT BIN MKS MPA and UMKS.                                  
/COM,ANSYS RELEASE 2025 R1           BUILD 25.1      UP20241202       09:15:00

 *** WARNING ***                         CP =       0.359   TIME= 09:15:05
 Invalid UNITS Label.  Valid units are:                                  
  USER SI CGS BFT BIN MKS MPA and UMKS.                                  
/COM,ANSYS RELEASE 2025 R1           BUILD 25.1      UP20241202       09:15:50

 *** WARNING ***                         CP =       0.328   TIME= 09:15:53
 Invalid UNITS Label.  Valid units are:                                  
  USER SI CGS BFT BIN MKS MPA and UMKS.                                  
/COM,ANSYS RELEASE 2025 R1           BUILD 25.1      UP20241202       09:18:08

 *** WARNING ***                         CP =       0.312   TIME= 09:18:11
 Invalid UNITS Label.  Valid units are:                                  
  USER SI CGS BFT BIN MKS MPA and UMKS.                                  
/COM,ANSYS RELEASE 2025 R1           BUILD 25.1      UP20241202       09:19:42
/COM,ANSYS RELEASE 2025 R1           BUILD 25.1      UP20241202       09:20:06
/COM,ANSYS RELEASE 2025 R1           BUILD 25.1      UP20241202       11:02:57
/COM,ANSYS RELEASE 2025 R1           BUILD 25.1      UP20241202       14:06:49

 *** WARNING ***                         CP =       0.688   TIME= 14:06:55
 Undefined parameter used for coordinate 1.                              
  A value of 0.0 will be used.                                           

 *** WARNING ***                         CP =       0.688   TIME= 14:06:55
 Undefined parameter used for coordinate 2.                              
  A value of 0.0 will be used.                                           
/COM,ANSYS RELEASE 2025 R1           BUILD 25.1      UP20241202       14:16:32

 *** WARNING ***                         CP =       0.516   TIME= 14:16:35
 Undefined parameter used for coordinate 1.                              
  A value of 0.0 will be used.                                           

 *** WARNING ***                         CP =       0.516   TIME= 14:16:35
 Undefined parameter used for coordinate 2.                              
  A value of 0.0 will be used.                                           
/COM,ANSYS RELEASE 2025 R1           BUILD 25.1      UP20241202       14:17:00

 *** WARNING ***                         CP =       0.547   TIME= 14:17:03
 Undefined parameter used for coordinate 1.                              
  A value of 0.0 will be used.                                           

 *** WARNING ***                         CP =       0.547   TIME= 14:17:03
 Undefined parameter used for coordinate 2.                              
  A value of 0.0 will be used.                                           
