
 Ansys Mechanical Enterprise                       


 *------------------------------------------------------------------*
 |                                                                  |
 |   W E L C O M E   T O   T H E   A N S Y S (R)  P R O G R A M     |
 |                                                                  |
 *------------------------------------------------------------------*




 ***************************************************************
 *         ANSYS MAPDL 2025 R1          LEGAL NOTICES          *
 ***************************************************************
 *                                                             *
 * Copyright 1971-2025 Ansys, Inc.  All rights reserved.       *
 * Unauthorized use, distribution or duplication is            *
 * prohibited.                                                 *
 *                                                             *
 * Ansys is a registered trademark of Ansys, Inc. or its       *
 * subsidiaries in the United States or other countries.       *
 * See the Ansys, Inc. online documentation or the Ansys, Inc. *
 * documentation CD or online help for the complete Legal      *
 * Notice.                                                     *
 *                                                             *
 ***************************************************************
 *                                                             *
 * THIS ANSYS SOFTWARE PRODUCT AND PROGRAM DOCUMENTATION       *
 * INCLUDE TRADE SECRETS AND CONFIDENTIAL AND PROPRIETARY      *
 * PRODUCTS OF ANSYS, INC., ITS SUBSIDIARIES, OR LICENSORS.    *
 * The software products and documentation are furnished by    *
 * Ansys, Inc. or its subsidiaries under a software license    *
 * agreement that contains provisions concerning               *
 * non-disclosure, copying, length and nature of use,          *
 * compliance with exporting laws, warranties, disclaimers,    *
 * limitations of liability, and remedies, and other           *
 * provisions.  The software products and documentation may be *
 * used, disclosed, transferred, or copied only in accordance  *
 * with the terms and conditions of that software license      *
 * agreement.                                                  *
 *                                                             *
 * Ansys, Inc. is a UL registered                              *
 * ISO 9001:2015 company.                                      *
 *                                                             *
 ***************************************************************
 *                                                             *
 * This product is subject to U.S. laws governing export and   *
 * re-export.                                                  *
 *                                                             *
 * For U.S. Government users, except as specifically granted   *
 * by the Ansys, Inc. software license agreement, the use,     *
 * duplication, or disclosure by the United States Government  *
 * is subject to restrictions stated in the Ansys, Inc.        *
 * software license agreement and FAR 12.212 (for non-DOD      *
 * licenses).                                                  *
 *                                                             *
 ***************************************************************

 2025 R1 
     
 Point Releases and Patches installed:   
     
 Ansys, Inc. License Manager 2025 R1 
 Discovery (reduced install) 2025 R1 
 Core WB Files 2025 R1   
 CFD-Post only 2025 R1   
 Fluent (includes CFD-Post) 2025 R1  
 Polyflow (includes CFD-Post) 2025 R1
 Remote Solve Manager Standalone Services 2025 R1
 Additive 2025 R1
 Autodyn 2025 R1 
 Customization Files for User Programmable Features 2025 R1  
 LS-DYNA 2025 R1 
 Material Designer 2025 R1   
 Mechanical Products 2025 R1 
 ACIS Geometry Interface 2025 R1 
 AutoCAD Geometry Interface 2025 R1  
 Catia, Version 4 Geometry Interface 2025 R1 
 Catia, Version 5 Geometry Interface 2025 R1 
 Catia, Version 6 Geometry Interface 2025 R1 
 Creo Elements/Direct Modeling Geometry Interface 2025 R1
 Creo Parametric Geometry Interface 2025 R1  
 Inventor Geometry Interface 2025 R1 
 JTOpen Geometry Interface 2025 R1   
 NX Geometry Interface 2025 R1   
 Parasolid Geometry Interface  2025 R1   
 Solid Edge Geometry Interface 2025 R1   
 SOLIDWORKS Geometry Interface 2025 R1   


          *****  MAPDL COMMAND LINE ARGUMENTS  *****
  INITIAL JOBNAME              = file6                                                                                                                                                                                                                                                   
  DISTRIBUTED MEMORY PARALLEL REQUESTED
       4 PARALLEL PROCESSES REQUESTED WITH SINGLE THREAD PER PROCESS
    TOTAL OF     4 CORES REQUESTED
  MPI OPTION                   = INTELMPI
  START-UP FILE MODE           = NOREAD
  STOP FILE MODE               = NOREAD
  GRAPHICS DEVICE REQUESTED    = win32   
  GRAPHICAL ENTRY              = YES   
  LANGUAGE                     = en-us               
  INITIAL DIRECTORY = C:\Users\atbys\OneDrive - Aalborg Universitet\9. semester\VisualCodeLiftra\DMS3-Liftra\FEWA

 RELEASE= 2025 R1              BUILD= 25.1      UP20241202   VERSION=WINDOWS x64 
 CURRENT JOBNAME=file6_2  14:49:47  OCT 28, 2025 CP=      0.031


 CLEAR DATABASE AND RERUN START.ANS

 Ansys Mechanical Enterprise                       

 CLEAR DATABASE AND RERUN START.ANS

 Ansys Mechanical Enterprise                       

 CLEAR DATABASE AND RERUN START.ANS

 Ansys Mechanical Enterprise                       

 CLEAR DATABASE AND RERUN START.ANS

 Ansys Mechanical Enterprise                       

 CLEAR DATABASE AND RERUN START.ANS

 Ansys Mechanical Enterprise                       

 CLEAR DATABASE AND RERUN START.ANS

 Ansys Mechanical Enterprise                       

 CLEAR DATABASE AND RERUN START.ANS

 Ansys Mechanical Enterprise                       

 CLEAR DATABASE AND RERUN START.ANS

 Ansys Mechanical Enterprise                       

 CLEAR DATABASE AND RERUN START.ANS

 Ansys Mechanical Enterprise                       

 CLEAR DATABASE AND RERUN START.ANS

 Ansys Mechanical Enterprise                       

 CLEAR DATABASE AND RERUN START.ANS

 Ansys Mechanical Enterprise                       

 CLEAR DATABASE AND RERUN START.ANS

 Ansys Mechanical Enterprise                       

 CLEAR DATABASE AND RERUN START.ANS

 Ansys Mechanical Enterprise                       

 CLEAR DATABASE AND RERUN START.ANS

 Ansys Mechanical Enterprise                       

 CLEAR DATABASE AND RERUN START.ANS

 Ansys Mechanical Enterprise                       

 CLEAR DATABASE AND RERUN START.ANS

 Ansys Mechanical Enterprise                       

 CLEAR DATABASE AND RERUN START.ANS

 Ansys Mechanical Enterprise                       


 NUMBER OF WARNING MESSAGES ENCOUNTERED=          0
 NUMBER OF ERROR   MESSAGES ENCOUNTERED=         38


 *-----------------------------------------------------------------------------*
 |                                                                             |
 |                               RUN COMPLETED                                 |
 |                                                                             |
 |-----------------------------------------------------------------------------|
 |                                                                             |
 |  Ansys MAPDL 2025 R1         Build 25.1         UP20241202    WINDOWS x64   |
 |                                                                             |
 |-----------------------------------------------------------------------------|
 |                                                                             |
 |  Database Requested(-db)     1 MB     Scratch Memory Requested       192 MB |
 |  Maximum Database Used       1 MB     Maximum Scratch Memory Used      5 MB |
 |                                                                             |
 |-----------------------------------------------------------------------------|
 |                                                                             |
 |        CP Time      (sec) =          3.344       Time  =  08:24:01          |
 |        Elapsed Time (sec) =      63257.000       Date  =  10/29/2025        |
 |                                                                             |
 *-----------------------------------------------------------------------------*
