/COM,ANSYS RELEASE 2025 R1           BUILD 25.1      UP20241202       14:33:12

 *** WARNING ***                         CP =       5.453   TIME= 14:34:18
 Material property table exceeds the number of defined temperatures.     
  Number of temperatures is 6.  The number of data values is 12.         

 *** WARNING ***                         CP =       5.516   TIME= 14:34:18
 Material property table exceeds the number of defined temperatures.     
  Number of temperatures is 6.  The number of data values is 14.         

 *** ERROR ***                           CP =      39.750   TIME= 14:43:52
 Temperatures for material properties must be in ascending order.  The   
 MPTEMP command is ignored.                                              

 *** ERROR ***                           CP =      40.828   TIME= 14:44:28
 Temperatures for material properties must be in ascending order.  The   
 MPTEMP command is ignored.                                              

 *** WARNING ***                         CP =      41.125   TIME= 14:44:29
 Material property table exceeds the number of defined temperatures.     
  Number of temperatures is 7.  The number of data values is 12.         

 *** WARNING ***                         CP =      41.172   TIME= 14:44:29
 Material property table exceeds the number of defined temperatures.     
  Number of temperatures is 7.  The number of data values is 14.         

 *** WARNING ***                         CP =      42.156   TIME= 14:44:37
 Number of Temperatures defined for PRXY do not match EX.  These cannot  
 be handled by the gui currently.                                        

 *** ERROR ***                           CP =      47.766   TIME= 14:46:42
 Temperatures for material properties must be in ascending order.  The   
 MPTEMP command is ignored.                                              

 *** ERROR ***                           CP =      48.438   TIME= 14:46:42
 Temperatures for material properties must be in ascending order.  The   
 MPTEMP command is ignored.                                              

 *** WARNING ***                         CP =      48.688   TIME= 14:46:43
 Material property table exceeds the number of defined temperatures.     
  Number of temperatures is 7.  The number of data values is 12.         

 *** WARNING ***                         CP =      48.797   TIME= 14:46:43
 Material property table exceeds the number of defined temperatures.     
  Number of temperatures is 7.  The number of data values is 14.         

 *** ERROR ***                           CP =      52.578   TIME= 14:48:04
 Temperatures for material properties must be in ascending order.  The   
 MPTEMP command is ignored.                                              

 *** ERROR ***                           CP =      53.141   TIME= 14:48:05
 Temperatures for material properties must be in ascending order.  The   
 MPTEMP command is ignored.                                              

 *** WARNING ***                         CP =      53.375   TIME= 14:48:05
 Material property table exceeds the number of defined temperatures.     
  Number of temperatures is 7.  The number of data values is 12.         

 *** WARNING ***                         CP =      53.438   TIME= 14:48:06
 Material property table exceeds the number of defined temperatures.     
  Number of temperatures is 7.  The number of data values is 14.         

 *** ERROR ***                           CP =      53.500   TIME= 14:48:06
 Temperatures for material properties must be in ascending order.  The   
 MPTEMP command is ignored.                                              

 *** ERROR ***                           CP =      53.859   TIME= 14:48:06
 Temperatures for material properties must be in ascending order.  The   
 MPTEMP command is ignored.                                              

 *** ERROR ***                           CP =      56.234   TIME= 14:48:33
 Temperatures for material properties must be in ascending order.  The   
 MPTEMP command is ignored.                                              

 *** ERROR ***                           CP =      56.781   TIME= 14:48:34
 Temperatures for material properties must be in ascending order.  The   
 MPTEMP command is ignored.                                              

 *** WARNING ***                         CP =      57.078   TIME= 14:48:34
 Material property table exceeds the number of defined temperatures.     
  Number of temperatures is 7.  The number of data values is 12.         

 *** WARNING ***                         CP =      57.125   TIME= 14:48:34
 Material property table exceeds the number of defined temperatures.     
  Number of temperatures is 7.  The number of data values is 14.         

 *** ERROR ***                           CP =      57.188   TIME= 14:48:35
 Temperatures for material properties must be in ascending order.  The   
 MPTEMP command is ignored.                                              
