/BATCH  
/COM,ANSYS RELEASE 2025 R1           BUILD 25.1      UP20241202       14:33:14
/input,menust,tmp,''
/GRA,POWER
/GST,ON
/PLO,INFO,3
/GRO,CURL,ON
/CPLANE,1   
/REPLOT,RESIZE  
WPSTYLE,,,,,,,,0
/REPLOT,RESIZE  
!INITIALIZING   
/PREP7  
/UNITS,MPa  
MPTEMP,1,20,100,200,300,400,500,600,700,800,900,1000,1100,1200,1500 
MPDATA,EX,1,1,200000,200000,180000,160000,140000,120000 
MPDATA,EX,1,7,62000,26000,18000,13500,9000,4500 
MPDATA,EX,1,13,3000,3000
!*  
FINISH  
/CLE
/COM,ANSYS RELEASE 2025 R1           BUILD 25.1      UP20241202       14:35:04
/input,start,ans,'C:\Program Files\ANSYS Inc\v251\ANSYS\apdl\'  
/REPLOT,RESIZE  
!INITIALIZING   
/PREP7  
/UNITS,MPa  
MPTEMP,1,20,100,200,300,400,500 
MPTEMP, ,600,700,800,900,1000,1100  
MPTEMP, ,1200,1500  
!*  
MPDATA,EX,1,1,200000,200000,180000,160000,140000,120000 
!*  
MPTEMP, ,600,700,800,900,1000,1100  
!*  
MPTEMP,7,600,700,800,900,1000,1100  
!*  
!*  
MPDATA,EX,1,7,62000,26000,18000,13500,9000,4500 
!*  
FINISH  
/CLE
/COM,ANSYS RELEASE 2025 R1           BUILD 25.1      UP20241202       14:36:48
/input,start,ans,'C:\Program Files\ANSYS Inc\v251\ANSYS\apdl\'  
!INITIALIZING   
/PREP7  
/UNITS,MPa  
MPTEMP,1,20,100,200,300,400,500 
MPTEMP,7,600,700,800,900,1000,1100  
MPTEMP, ,1200,1500  
MPDATA,EX,1,1,200000,200000,180000,160000,140000,120000 
MPDATA,EX,1,7,62000,26000,18000,13500,9000,4500 
FINISH  
/SOL
FINISH  
/PREP7  
!*  
!*  
FINISH  
/CLE
/COM,ANSYS RELEASE 2025 R1           BUILD 25.1      UP20241202       14:37:31
/input,start,ans,'C:\Program Files\ANSYS Inc\v251\ANSYS\apdl\'  
/PREP7  
/UNITS,MPA  
! Youngs Modulus [GPA]  
MPTEMP,1,20,100,200,300,400,500 
MPTEMP,7,600,700,800,900,1000,1100  
MPTEMP, ,1200,1500  
MPDATA,EX,1,1,200000,200000,180000,160000,140000,120000 
MPDATA,EX,1,7,62000,26000,18000,13500,9000,4500 
MPDATA,EX,1,13,3000,3000
!*  
FINISH  
/CLE
/COM,ANSYS RELEASE 2025 R1           BUILD 25.1      UP20241202       14:38:16
/input,start,ans,'C:\Program Files\ANSYS Inc\v251\ANSYS\apdl\'  
/PREP7  
/UNITS,MPa  
MPTEMP,1,20,100,200,300,400,500 
MPTEMP,7,600,700,800,900,1000,1100  
MPTEMP, ,1200,1500  
MPDATA,EX,1,1,200000,200000,180000,160000,140000,120000 
MPDATA,EX,1,7,62000,26000,18000,13500,9000,4500 
MPDATA,EX,1,13,3000,3000
!*  
MPTEMP,,,,,,,,  
MPTEMP,1,20 
MPTEMP,2,100
MPTEMP,3,200
MPTEMP,4,300
MPTEMP,5,400
MPTEMP,6,500
MPTEMP,7,600
MPTEMP,8,700
MPTEMP,9,800
MPTEMP,10,900   
MPTEMP,11,1000  
MPTEMP,12,1100  
MPTEMP,13,1200  
MPTEMP,14,1500  
MPDE,EX,1   
MPDATA,EX,1,,2E+05  
MPDATA,EX,1,,2E+05  
MPDATA,EX,1,,1.8E+05
MPDATA,EX,1,,1.6E+05
MPDATA,EX,1,,1.4E+05
MPDATA,EX,1,,1.2E+05
MPDATA,EX,1,,62000  
MPDATA,EX,1,,26000  
MPDATA,EX,1,,18000  
MPDATA,EX,1,,13500  
MPDATA,EX,1,,9000   
MPDATA,EX,1,,4500   
MPDATA,EX,1,,3000   
MPDATA,EX,1,,3000   
MPDATA,PRXY,1,, 
MPDATA,PRXY,1,, 
MPDATA,PRXY,1,, 
MPDATA,PRXY,1,, 
MPDATA,PRXY,1,, 
MPDATA,PRXY,1,, 
MPDATA,PRXY,1,, 
MPDATA,PRXY,1,, 
MPDATA,PRXY,1,, 
MPDATA,PRXY,1,, 
MPDATA,PRXY,1,, 
MPDATA,PRXY,1,, 
MPDATA,PRXY,1,, 
MPDATA,PRXY,1,, 
! LGWRITE,'lgo','lgw','C:\Users\atbys\ONEDRI~1\9F2BB~1.SEM\VISUAL~1\DMS3-L~1\FEWA\',COMMENT 
FINISH  
/CLE
/COM,ANSYS RELEASE 2025 R1           BUILD 25.1      UP20241202       14:39:32
/input,start,ans,'C:\Program Files\ANSYS Inc\v251\ANSYS\apdl\'  
!INITIALIZING   
/PREP7  
/UNITS,MPa  
!----- MATERIAL PROPERTIES -----
MP, DENS, 1, 7.85E-9      ! Density [Mg/mm^3]   
!TD Thermal Conductivity [W/mmC]
MPTEMP,1,0,800,1459,1500,2500   
MPDATA,KXX,1,1,0.053334,0.0273,0.0273,0.2593,0.2593 
MPTEMP,1
!TD Heat Capacity [Nmm/MgC] 
MPTEMP,1,31.81, 599.92, 723.87, 803.23, 1394.04, 1488.06, 1506.69   
MPTEMP, , 1506.69   
MPDATA,C,1,1,494.22,1042.38,2558.42,961.87,1215.78,5371.89,987.12   
MPDATA, C, 1, 7, 987.12 
MPTEMP,1
! Youngs Modulus [GPA]  
MPTEMP,1,20,100,200,300,400,500 
MPTEMP,7,600,700,800,900,1000,1100  
MPTEMP, ,1200,1500  
MPDATA,EX,1,1,200000,200000,180000,160000,140000,120000 
MPDATA,EX,1,7,62000,26000,18000,13500,9000,4500 
MPDATA,EX,1,13,3000,3000
!----- FINISH MATERIAL PROPERTIES ----- 
!*  
FINISH  
/CLE
/COM,ANSYS RELEASE 2025 R1           BUILD 25.1      UP20241202       14:43:51
/input,start,ans,'C:\Program Files\ANSYS Inc\v251\ANSYS\apdl\'  
!INITIALIZING   
/PREP7  
/UNITS,MPa  
!----- MATERIAL PROPERTIES -----
MP, DENS, 1, 7.85E-9      ! Density [Mg/mm^3]   
!TD Thermal Conductivity [W/mmC]
MPTEMP,1,0,800,1459,1500,2500   
MPDATA,KXX,1,1,0.053334,0.0273,0.0273,0.2593,0.2593 
MPTEMP,1
!TD Heat Capacity [Nmm/MgC] 
MPTEMP,1,31.81, 599.92, 723.87, 803.23, 1394.04, 1488.06, 1506.69   
MPTEMP, , 1506.69   
MPDATA,C,1,1,494.22,1042.38,2558.42,961.87,1215.78,5371.89,987.12   
MPDATA, C, 1, 7, 987.12 
MPTEMP,1
! Youngs Modulus [GPA]  
MPTEMP,1,20,100,200,300,400,500 
MPTEMP, ,600,700,800,900,1000,1100  
MPTEMP, ,1200,1500  
MPDATA,EX,1,1,200000,200000,180000,160000,140000,120000 
MPDATA,EX,1,7,62000,26000,18000,13500,9000,4500 
MPDATA,EX,1,13,3000,3000
MPDATA,PRXY,1,1,0.3,0.31,0.31,0.32,0.33,0.34
MPDATA,PRXY,1,1,0.35,0.36,0.37,0.39,0.4,0.41
MPDATA,PRXY,1,1,0.42,0.46   
!*  
FINISH  
/CLE
/COM,ANSYS RELEASE 2025 R1           BUILD 25.1      UP20241202       14:46:41
/input,start,ans,'C:\Program Files\ANSYS Inc\v251\ANSYS\apdl\'  
!INITIALIZING   
/PREP7  
/UNITS,MPa  
!----- MATERIAL PROPERTIES -----
MP, DENS, 1, 7.85E-9      ! Density [Mg/mm^3]   
!TD Thermal Conductivity [W/mmC]
MPTEMP,1,0,800,1459,1500,2500   
MPDATA,KXX,1,1,0.053334,0.0273,0.0273,0.2593,0.2593 
MPTEMP,1
!TD Heat Capacity [Nmm/MgC] 
MPTEMP,1,31.81, 599.92, 723.87, 803.23, 1394.04, 1488.06, 1506.69   
MPTEMP, , 1506.69   
MPDATA,C,1,1,494.22,1042.38,2558.42,961.87,1215.78,5371.89,987.12   
MPDATA, C, 1, 7, 987.12 
MPTEMP,1
! Youngs Modulus [GPA]  
MPTEMP,1,20,100,200,300,400,500 
MPTEMP, ,600,700,800,900,1000,1100  
MPTEMP, ,1200,1500  
MPDATA,EX,1,1,200000,200000,180000,160000,140000,120000 
MPDATA,EX,1,7,62000,26000,18000,13500,9000,4500 
MPDATA,EX,1,13,3000,3000
MPDATA,PRXY,1,1,0.3,0.31,0.31,0.32,0.33,0.34
MPDATA,PRXY,1,1,0.35,0.36,0.37,0.39,0.4,0.41
MPDATA,PRXY,1,1,0.42,0.46   
FINISH  
/CLE
/COM,ANSYS RELEASE 2025 R1           BUILD 25.1      UP20241202       14:48:03
/input,start,ans,'C:\Program Files\ANSYS Inc\v251\ANSYS\apdl\'  
!INITIALIZING   
/PREP7  
/UNITS,MPa  
!----- MATERIAL PROPERTIES -----
MP, DENS, 1, 7.85E-9      ! Density [Mg/mm^3]   
!TD Thermal Conductivity [W/mmC]
MPTEMP,1,0,800,1459,1500,2500   
MPDATA,KXX,1,1,0.053334,0.0273,0.0273,0.2593,0.2593 
MPTEMP,1
!TD Heat Capacity [Nmm/MgC] 
MPTEMP,1,31.81, 599.92, 723.87, 803.23, 1394.04, 1488.06, 1506.69   
MPTEMP, , 1506.69   
MPDATA,C,1,1,494.22,1042.38,2558.42,961.87,1215.78,5371.89,987.12   
MPDATA, C, 1, 7, 987.12 
MPTEMP,1
! Youngs Modulus [GPA]  
MPTEMP,1,20,100,200,300,400,500 
MPTEMP, ,600,700,800,900,1000,1100  
MPTEMP, ,1200,1500  
MPDATA,EX,1,1,200000,200000,180000,160000,140000,120000 
MPDATA,EX,1,7,62000,26000,18000,13500,9000,4500 
MPDATA,EX,1,13,3000,3000
MPTEMP,1
MPTEMP,1,20,100,200,300,400,500 
MPTEMP, ,600,700,800,900,1000,1100  
MPTEMP, ,1200,1500  
MPDATA,PRXY,1,1,0.3,0.31,0.31,0.32,0.33,0.34
MPDATA,PRXY,1,1,0.35,0.36,0.37,0.39,0.4,0.41
MPDATA,PRXY,1,1,0.42,0.46   
FINISH  
/CLE
/COM,ANSYS RELEASE 2025 R1           BUILD 25.1      UP20241202       14:48:31
/input,start,ans,'C:\Program Files\ANSYS Inc\v251\ANSYS\apdl\'  
!---------- APDL EXCECUTABLE ---------- 
!INITIALIZING   
/PREP7  
/UNITS,MPa  
!----- MATERIAL PROPERTIES -----
MP, DENS, 1, 7.85E-9      ! Density [Mg/mm^3]   
!TD Thermal Conductivity [W/mmC]
MPTEMP,1,0,800,1459,1500,2500   
MPDATA,KXX,1,1,0.053334,0.0273,0.0273,0.2593,0.2593 
MPTEMP,1
!TD Heat Capacity [Nmm/MgC] 
MPTEMP,1,31.81, 599.92, 723.87, 803.23, 1394.04, 1488.06, 1506.69   
MPTEMP, , 1506.69   
MPDATA,C,1,1,494.22,1042.38,2558.42,961.87,1215.78,5371.89,987.12   
MPDATA, C, 1, 7, 987.12 
MPTEMP,1
! Youngs Modulus [GPA]  
MPTEMP,1,20,100,200,300,400,500 
MPTEMP, ,600,700,800,900,1000,1100  
MPTEMP, ,1200,1500  
MPDATA,EX,1,1,200000,200000,180000,160000,140000,120000 
MPDATA,EX,1,7,62000,26000,18000,13500,9000,4500 
MPDATA,EX,1,13,3000,3000
MPTEMP,1
MPTEMP,1,20,100,200,300,400,500 
MPTEMP, ,600,700,800,900,1000,1100  
