/BATCH  
/COM,ANSYS RELEASE 2025 R1           BUILD 25.1      UP20241202       14:49:47
/input,menust,tmp,''
/GRA,POWER
/GST,ON
/PLO,INFO,3
/GRO,CURL,ON
/CPLANE,1   
/REPLOT,RESIZE  
WPSTYLE,,,,,,,,0
/REPLOT,RESIZE  
!INITIALIZING   
/PREP7  
/UNITS,MPa  
!----- MATERIAL PROPERTIES -----
MP, DENS, 1, 7.85E-9      ! Density [Mg/mm^3]   
!TD Thermal Conductivity [W/mmC]
MPTEMP,1,0,800,1459,1500,2500   
MPDATA,KXX,1,1,0.053334,0.0273,0.0273,0.2593,0.2593 
MPTEMP,1
!TD Heat Capacity [Nmm/MgC] 
MPTEMP,1,31.81, 599.92, 723.87, 803.23, 1394.04, 1488.06, 1506.69   
MPTEMP, , 1506.69   
MPDATA,C,1,1,494.22,1042.38,2558.42,961.87,1215.78,5371.89,987.12   
MPDATA, C, 1, 7, 987.12 
MPTEMP,1
! Youngs Modulus [GPA]  
MPTEMP,1,20,100,200,300,400,500 
MPTEMP, ,600,700,800,900,1000,1100  
MPTEMP, ,1200,1500  
MPDATA,EX,1,1,200000,200000,180000,160000,140000,120000 
MPDATA,EX,1,7,62000,26000,18000,13500,9000,4500 
MPDATA,EX,1,13,3000,3000
MPTEMP,1
FINISH  
/CLE
/COM,ANSYS RELEASE 2025 R1           BUILD 25.1      UP20241202       14:50:32
/input,start,ans,'C:\Program Files\ANSYS Inc\v251\ANSYS\apdl\'  
/REPLOT,RESIZE  
!INITIALIZING   
/PREP7  
/UNITS,MPa  
!----- MATERIAL PROPERTIES -----
MP, DENS, 1, 7.85E-9      ! Density [Mg/mm^3]   
!TD Thermal Conductivity [W/mmC]
MPTEMP,1,0,800,1459,1500,2500   
MPDATA,KXX,1,1,0.053334,0.0273,0.0273,0.2593,0.2593 
MPTEMP,1
!TD Heat Capacity [Nmm/MgC] 
MPTEMP,1,31.81, 599.92, 723.87, 803.23, 1394.04, 1488.06, 1506.69   
MPTEMP, , 1506.69   
MPDATA,C,1,1,494.22,1042.38,2558.42,961.87,1215.78,5371.89,987.12   
MPDATA, C, 1, 7, 987.12 
MPTEMP,1
! Youngs Modulus [GPA]  
MPTEMP,1,20,100,200,300,400,500 
MPTEMP, ,600,700,800,900,1000,1100  
MPTEMP, ,1200,1500  
MPDATA,EX,1,1,200000,200000,180000,160000,140000,120000 
MPDATA,EX,1,7,62000,26000,18000,13500,9000,4500 
MPDATA,EX,1,13,3000,3000
FINISH  
/CLE
/COM,ANSYS RELEASE 2025 R1           BUILD 25.1      UP20241202       14:51:32
/input,start,ans,'C:\Program Files\ANSYS Inc\v251\ANSYS\apdl\'  
!INITIALIZING   
/PREP7  
/UNITS,MPa  
!----- MATERIAL PROPERTIES -----
MP, DENS, 1, 7.85E-9      ! Density [Mg/mm^3]   
!TD Thermal Conductivity [W/mmC]
MPTEMP,1,0,800,1459,1500,2500   
MPDATA,KXX,1,1,0.053334,0.0273,0.0273,0.2593,0.2593 
MPTEMP,1
!TD Heat Capacity [Nmm/MgC] 
MPTEMP,1,31.81, 599.92, 723.87, 803.23, 1394.04, 1488.06, 1506.69   
MPTEMP, , 1506.69   
MPDATA,C,1,1,494.22,1042.38,2558.42,961.87,1215.78,5371.89,987.12   
MPDATA, C, 1, 7, 987.12 
MPTEMP,1
! Youngs Modulus [GPA]  
MPTEMP,1,20,100,200,300,400,500 
MPTEMP, ,600,700,800,900,1000,1100  
MPTEMP, ,1200,1500  
MPDATA,EX,1,1,200000,200000,180000,160000,140000,120000 
MPDATA,EX,1,7,62000,26000,18000,13500,9000,4500 
MPDATA,EX,1,13,3000,3000
FINISH  
/CLE
/COM,ANSYS RELEASE 2025 R1           BUILD 25.1      UP20241202       14:51:49
/input,start,ans,'C:\Program Files\ANSYS Inc\v251\ANSYS\apdl\'  
!INITIALIZING   
/PREP7  
/UNITS,MPa  
!----- MATERIAL PROPERTIES -----
MP, DENS, 1, 7.85E-9      ! Density [Mg/mm^3]   
!TD Thermal Conductivity [W/mmC]
MPTEMP,1,0,800,1459,1500,2500   
MPDATA,KXX,1,1,0.053334,0.0273,0.0273,0.2593,0.2593 
MPTEMP,1
!TD Heat Capacity [Nmm/MgC] 
MPTEMP,1,31.81, 599.92, 723.87, 803.23, 1394.04, 1488.06, 1506.69   
MPTEMP, , 1506.69   
MPDATA,C,1,1,494.22,1042.38,2558.42,961.87,1215.78,5371.89,987.12   
MPDATA, C, 1, 7, 987.12 
MPTEMP,1
! Youngs Modulus [GPA]  
MPTEMP,1,20,100,200,300,400,500 
MPTEMP, ,600,700,800,900,1000,1100  
MPTEMP, ,1200,1500  
MPDATA,EX,1,1,200000,200000,180000,160000,140000,120000 
MPDATA,EX,1,7,62000,26000,18000,13500,9000,4500 
MPDATA,EX,1,13,3000,3000
FINISH  
/CLE
/COM,ANSYS RELEASE 2025 R1           BUILD 25.1      UP20241202       14:52:59
/input,start,ans,'C:\Program Files\ANSYS Inc\v251\ANSYS\apdl\'  
!INITIALIZING   
/PREP7  
/UNITS,MPa  
!----- MATERIAL PROPERTIES -----
MP, DENS, 1, 7.85E-9      ! Density [Mg/mm^3]   
!TD Thermal Conductivity [W/mmC]
MPTEMP,1,0,800,1459,1500,2500   
MPDATA,KXX,1,1,0.053334,0.0273,0.0273,0.2593,0.2593 
MPTEMP,1
!TD Heat Capacity [Nmm/MgC] 
MPTEMP,1,31.81, 599.92, 723.87, 803.23, 1394.04, 1488.06, 1506.69   
MPTEMP, , 1506.69   
MPDATA,C,1,1,494.22,1042.38,2558.42,961.87,1215.78,5371.89,987.12   
MPDATA, C, 1, 7, 987.12 
MPTEMP,CLEAR
! Youngs Modulus [GPA]  
MPTEMP,1,20,100,200,300,400,500 
MPTEMP, ,600,700,800,900,1000,1100  
MPTEMP, ,1200,1500  
MPDATA,EX,1,1,200000,200000,180000,160000,140000,120000 
MPDATA,EX,1,7,62000,26000,18000,13500,9000,4500 
MPDATA,EX,1,13,3000,3000
MPTEMP,CLEAR
MPTEMP,1,20,100,200,300,400,500 
MPTEMP, ,600,700,800,900,1000,1100  
MPTEMP, ,1200,1500  
MPDATA,PRXY,1,1,0.3,0.31,0.31,0.32,0.33,0.34
MPDATA,PRXY,1,7,0.35,0.36,0.37,0.39,0.4,0.41
MPDATA,PRXY,1,13,0.42,0.46  
FINISH  
/CLE
/COM,ANSYS RELEASE 2025 R1           BUILD 25.1      UP20241202       14:53:18
/input,start,ans,'C:\Program Files\ANSYS Inc\v251\ANSYS\apdl\'  
!INITIALIZING   
/PREP7  
/UNITS,MPa  
!----- MATERIAL PROPERTIES -----
MP, DENS, 1, 7.85E-9      ! Density [Mg/mm^3]   
!TD Thermal Conductivity [W/mmC]
MPTEMP,1,0,800,1459,1500,2500   
MPDATA,KXX,1,1,0.053334,0.0273,0.0273,0.2593,0.2593 
MPTEMP,1
!TD Heat Capacity [Nmm/MgC] 
MPTEMP,1,31.81, 599.92, 723.87, 803.23, 1394.04, 1488.06, 1506.69   
MPTEMP, , 1506.69   
MPDATA,C,1,1,494.22,1042.38,2558.42,961.87,1215.78,5371.89,987.12   
MPDATA, C, 1, 7, 987.12 
!MPTEMP,CLEAR   
! Youngs Modulus [GPA]  
MPTEMP,1,20,100,200,300,400,500 
MPTEMP, ,600,700,800,900,1000,1100  
MPTEMP, ,1200,1500  
MPDATA,EX,1,1,200000,200000,180000,160000,140000,120000 
MPDATA,EX,1,7,62000,26000,18000,13500,9000,4500 
MPDATA,EX,1,13,3000,3000
FINISH  
/CLE
/COM,ANSYS RELEASE 2025 R1           BUILD 25.1      UP20241202       14:54:23
/input,start,ans,'C:\Program Files\ANSYS Inc\v251\ANSYS\apdl\'  
!INITIALIZING   
/PREP7  
/UNITS,MPa  
!----- MATERIAL PROPERTIES -----
MP, DENS, 1, 7.85E-9      ! Density [Mg/mm^3]   
!TD Thermal Conductivity [W/mmC]
MPTEMP,1,0,800,1459,1500,2500   
MPDATA,KXX,1,1,0.053334,0.0273,0.0273,0.2593,0.2593 
MPTEMP,1
!TD Heat Capacity [Nmm/MgC] 
MPTEMP,1,31.81, 599.92, 723.87, 803.23, 1394.04, 1488.06, 1506.69   
MPTEMP, , 1506.69   
MPDATA,C,1,1,494.22,1042.38,2558.42,961.87,1215.78,5371.89,987.12   
MPDATA, C, 1, 7, 987.12 
MPTEMP,1
! Youngs Modulus [GPA]  
MPTEMP,1,20,100,200,300,400,500 
MPTEMP, ,600,700,800,900,1000,1100  
MPTEMP, ,1200,1500  
MPDATA,EX,1,1,200000,200000,180000,160000,140000,120000 
MPDATA,EX,1,7,62000,26000,18000,13500,9000,4500 
MPDATA,EX,1,13,3000,3000
FINISH  
/CLE
/COM,ANSYS RELEASE 2025 R1           BUILD 25.1      UP20241202       14:55:52
/input,start,ans,'C:\Program Files\ANSYS Inc\v251\ANSYS\apdl\'  
!INITIALIZING   
/PREP7  
/UNITS,MPa  
!----- MATERIAL PROPERTIES -----
MP, DENS, 1, 7.85E-9      ! Density [Mg/mm^3]   
!TD Thermal Conductivity [W/mmC]
MPTEMP,1,0,800,1459,1500,2500   
MPDATA,KXX,1,1,0.053334,0.0273,0.0273,0.2593,0.2593 
MPTEMP,1
!TD Heat Capacity [Nmm/MgC] 
MPTEMP,1,31.81, 599.92, 723.87, 803.23, 1394.04, 1488.06, 1506.69   
MPTEMP, , 1506.69   
MPDATA,C,1,1,494.22,1042.38,2558.42,961.87,1215.78,5371.89,987.12   
MPDATA, C, 1, 7, 987.12 
!MPTEMP,1   
! Youngs Modulus [GPA]  
MPTEMP,1,20,100,200,300,400,500 
MPTEMP, ,600,700,800,900,1000,1100  
MPTEMP, ,1200,1500  
MPDATA,EX,1,1,200000,200000,180000,160000,140000,120000 
MPDATA,EX,1,7,62000,26000,18000,13500,9000,4500 
MPDATA,EX,1,13,3000,3000
FINISH  
/CLE
/COM,ANSYS RELEASE 2025 R1           BUILD 25.1      UP20241202       15:00:24
/input,start,ans,'C:\Program Files\ANSYS Inc\v251\ANSYS\apdl\'  
!INITIALIZING   
/PREP7  
/UNITS,MPa  
!----- MATERIAL PROPERTIES -----
MP, DENS, 1, 7.85E-9      ! Density [Mg/mm^3]   
!TD Thermal Conductivity [W/mmC]
MPTEMP,1,0,800,1459,1500,2500   
MPDATA,KXX,1,1,0.053334,0.0273,0.0273,0.2593,0.2593 
MPTEMP, 
!TD Heat Capacity [Nmm/MgC] 
MPTEMP,MPTEMP,1,31.81, 599.92, 723.87, 803.23, 1394.04, 1488.06, 1506.69
MPTEMP, , 1506.69   
MPDATA,C,1,1,494.22,1042.38,2558.42,961.87,1215.78,5371.89,987.12   
MPDATA, C, 1, 7, 987.12 
MPTEMP, 
! Youngs Modulus [GPA]  
MPTEMP,1,20,100,200,300,400,500 
MPTEMP, ,600,700,800,900,1000,1100  
MPTEMP, ,1200,1500  
MPDATA,EX,1,1,200000,200000,180000,160000,140000,120000 
MPDATA,EX,1,7,62000,26000,18000,13500,9000,4500 
MPDATA,EX,1,13,3000,3000
FINISH  
/CLE
/COM,ANSYS RELEASE 2025 R1           BUILD 25.1      UP20241202       15:00:56
/input,start,ans,'C:\Program Files\ANSYS Inc\v251\ANSYS\apdl\'  
!INITIALIZING   
/PREP7  
/UNITS,MPa  
!----- MATERIAL PROPERTIES -----
MP, DENS, 1, 7.85E-9      ! Density [Mg/mm^3]   
!TD Thermal Conductivity [W/mmC]
MPTEMP,1,0,800,1459,1500,2500   
MPDATA,KXX,1,1,0.053334,0.0273,0.0273,0.2593,0.2593 
MPTEMP, 
!TD Heat Capacity [Nmm/MgC] 
MPTEMP,MPTEMP,1,31.81, 599.92, 723.87, 803.23, 1394.04, 1488.06, 1506.69
MPTEMP, , 1506.69   
MPDATA,C,1,1,494.22,1042.38,2558.42,961.87,1215.78,5371.89,987.12   
MPDATA, C, 1, 7, 987.12 
MPTEMP, 
! Youngs Modulus [GPA]  
MPTEMP,1,20,100,200,300,400,500 
MPTEMP, ,600,700,800,900,1000,1100  
MPTEMP, ,1200,1500  
MPDATA,EX,1,1,200000,200000,180000,160000,140000,120000 
MPDATA,EX,1,7,62000,26000,18000,13500,9000,4500 
MPDATA,EX,1,13,3000,3000
MPTEMP, 
!MPTEMP,1,20,100,200,300,400,500
!MPTEMP, ,600,700,800,900,1000,1100 
!MPTEMP, ,1200,1500 
MPDATA,PRXY,1,1,0.3,0.31,0.31,0.32,0.33,0.34
MPDATA,PRXY,1,7,0.35,0.36,0.37,0.39,0.4,0.41
MPDATA,PRXY,1,,0.42,0.46
FINISH  
/CLE
/COM,ANSYS RELEASE 2025 R1           BUILD 25.1      UP20241202       15:01:29
/input,start,ans,'C:\Program Files\ANSYS Inc\v251\ANSYS\apdl\'  
!INITIALIZING   
/PREP7  
/UNITS,MPa  
!----- MATERIAL PROPERTIES -----
MP, DENS, 1, 7.85E-9      ! Density [Mg/mm^3]   
!TD Thermal Conductivity [W/mmC]
MPTEMP,1,0,800,1459,1500,2500   
MPDATA,KXX,1,1,0.053334,0.0273,0.0273,0.2593,0.2593 
MPTEMP, 
!TD Heat Capacity [Nmm/MgC] 
MPTEMP,MPTEMP,1,31.81, 599.92, 723.87, 803.23, 1394.04, 1488.06, 1506.69
MPTEMP, , 1506.69   
MPDATA,C,1,1,494.22,1042.38,2558.42,961.87,1215.78,5371.89,987.12   
MPDATA, C, 1, 7, 987.12 
MPTEMP, 
! Youngs Modulus [GPA]  
MPTEMP,1,20,100,200,300,400,500 
MPTEMP, ,600,700,800,900,1000,1100  
MPTEMP, ,1200,1500  
MPDATA,EX,1,1,200000,200000,180000,160000,140000,120000 
MPDATA,EX,1,7,62000,26000,18000,13500,9000,4500 
MPDATA,EX,1,13,3000,3000
MPTEMP, 
MPTEMP,1,20,100,200,300,400,500 
MPTEMP, ,600,700,800,900,1000,1100  
MPTEMP, ,1200,1500  
MPDATA,PRXY,1,1,0.3,0.31,0.31,0.32,0.33,0.34
MPDATA,PRXY,1,7,0.35,0.36,0.37,0.39,0.4,0.41
MPDATA,PRXY,1,,0.42,0.46
!----- FINISH MATERIAL PROPERTIES ----- 
!*  
FINISH  
/CLE
/COM,ANSYS RELEASE 2025 R1           BUILD 25.1      UP20241202       15:11:00
/input,start,ans,'C:\Program Files\ANSYS Inc\v251\ANSYS\apdl\'  
!INITIALIZING   
/PREP7  
/UNITS,MPa  
!----- MATERIAL PROPERTIES -----
MP, DENS, 1, 7.85E-9      ! Density [Mg/mm^3]   
!TD Thermal Conductivity [W/mmC]
MPTEMP,1,0,800,1459,1500,2500   
MPDATA,KXX,1,1,0.053334,0.0273,0.0273,0.2593,0.2593 
MPTEMP, 
!TD Heat Capacity [Nmm/MgC] 
MPTEMP,MPTEMP,1,31.81, 599.92, 723.87, 803.23, 1394.04, 1488.06, 1506.69
MPTEMP, , 1506.69   
MPDATA,C,1,1,494.22,1042.38,2558.42,961.87,1215.78,5371.89,987.12   
MPDATA, C, 1, 7, 987.12 
MPTEMP, 
! Youngs Modulus [GPA]  
MPTEMP,1,20,100,200,300,400,500 
MPTEMP, ,600,700,800,900,1000,1100  
MPTEMP, ,1200,1500  
MPDATA,EX,1,1,200000,200000,180000,160000,140000,120000 
MPDATA,EX,1,7,62000,26000,18000,13500,9000,4500 
MPDATA,EX,1,13,3000,3000
MPTEMP, 
MPTEMP,1,20,100,200,300,400,500 
MPTEMP, ,600,700,800,900,1000,1100  
MPTEMP, ,1200,1500  
MPDATA,PRXY,1,1,0.3,0.31,0.31,0.32,0.33,0.34
MPDATA,PRXY,1,7,0.35,0.36,0.37,0.39,0.4,0.41
MPDATA,PRXY,1,,0.42,0.46
MPTEMP, 
! Yield Strength [MPa]  
MPTEMP,1,20,100,200,300,400,500 
MPTEMP, ,600,700,800,900,1000,1100  
MPTEMP, ,1200,1500  
MPDATA,SY,1,1,690,690,621,552,483,414   
MPDATA,SY,1,7,213.9,89.7,62.1,46.575,31.05,15.525   
MPDATA,SY,1,13,5,5  
MPTEMP, 
! Tangent Modulus [MPa] 
MPTEMP,1,20,100,200,300,400,500 
MPTEMP, ,600,700,800,900,1000,1100  
MPTEMP, ,1200,1500  
MPDATA,ETAN,1,1,585,585,472.095,358.605,245.7,210.6 
MPDATA,ETAN,1,7,105.3,43.875,29.25,21.9375,14.625,7.3125
MPDATA,ETAN,1,13,0.1,0.1
!----- FINISH MATERIAL PROPERTIES ----- 
FINISH  
/CLE
/COM,ANSYS RELEASE 2025 R1           BUILD 25.1      UP20241202       15:20:30
/input,start,ans,'C:\Program Files\ANSYS Inc\v251\ANSYS\apdl\'  
!---------- APDL EXCECUTABLE ---------- 
!INITIALIZING   
/PREP7  
/UNITS,MPa  
!----- MATERIAL PROPERTIES -----
MP, DENS, 1, 7.85E-9      ! Density [Mg/mm^3]   
!TD Thermal Conductivity [W/mmC]
MPTEMP,1,0,800,1459,1500,2500   
MPDATA,KXX,1,1,0.053334,0.0273,0.0273,0.2593,0.2593 
MPTEMP, 
!TD Heat Capacity [Nmm/MgC] 
MPTEMP,MPTEMP,1,31.81, 599.92, 723.87, 803.23, 1394.04, 1488.06, 1506.69
MPTEMP, , 1506.69   
MPDATA,C,1,1,494.22,1042.38,2558.42,961.87,1215.78,5371.89,987.12   
MPDATA, C, 1, 7, 987.12 
MPTEMP, 
! Youngs Modulus [GPA]  
MPTEMP,1,20,100,200,300,400,500 
MPTEMP, ,600,700,800,900,1000,1100  
MPTEMP, ,1200,1500  
MPDATA,EX,1,1,200000,200000,180000,160000,140000,120000 
MPDATA,EX,1,7,62000,26000,18000,13500,9000,4500 
MPDATA,EX,1,13,3000,3000
MPTEMP, 
MPTEMP,1,20,100,200,300,400,500 
MPTEMP, ,600,700,800,900,1000,1100  
MPTEMP, ,1200,1500  
MPDATA,PRXY,1,1,0.3,0.31,0.31,0.32,0.33,0.34
MPDATA,PRXY,1,7,0.35,0.36,0.37,0.39,0.4,0.41
MPDATA,PRXY,1,,0.42,0.46
MPTEMP, 
! Bilinear isotropic plasticity: sigma_y(T) & Etan(T) [MPa] 
TB,BISO,1   
TBTEMP,20,100,200,300,400,500   
TBTEMP, ,600,700,800,900,1000,1100  
TBTEMP, ,1200,1500  
TBDATA,1,690,585
TBDATA,3,690,585
TBDATA,5,621,472.095
TBDATA,7,552,358.605
TBDATA,9,483,245.7  
TBDATA,11,414,210.6 
TBDATA,13,213.9,105.3   
TBDATA,15,89.7,43.875   
TBDATA,17,62.1,29.25
TBDATA,19,46.575,21.9375
TBDATA,21,31.05,14.625  
TBDATA,23,15.525,7.3125 
TBDATA,25,5,0.1 
TBDATA,27,5,0.1 
!----- FINISH MATERIAL PROPERTIES ----- 
FINISH  
/CLE
/COM,ANSYS RELEASE 2025 R1           BUILD 25.1      UP20241202       15:20:52
/input,start,ans,'C:\Program Files\ANSYS Inc\v251\ANSYS\apdl\'  
!---------- APDL EXCECUTABLE ---------- 
!INITIALIZING   
/PREP7  
/UNITS,MPa  
!----- MATERIAL PROPERTIES -----
MP, DENS, 1, 7.85E-9      ! Density [Mg/mm^3]   
!TD Thermal Conductivity [W/mmC]
MPTEMP,1,0,800,1459,1500,2500   
MPDATA,KXX,1,1,0.053334,0.0273,0.0273,0.2593,0.2593 
MPTEMP, 
!TD Heat Capacity [Nmm/MgC] 
MPTEMP,MPTEMP,1,31.81, 599.92, 723.87, 803.23, 1394.04, 1488.06, 1506.69
MPTEMP, , 1506.69   
MPDATA,C,1,1,494.22,1042.38,2558.42,961.87,1215.78,5371.89,987.12   
MPDATA, C, 1, 7, 987.12 
MPTEMP, 
! Youngs Modulus [GPA]  
MPTEMP,1,20,100,200,300,400,500 
MPTEMP, ,600,700,800,900,1000,1100  
MPTEMP, ,1200,1500  
MPDATA,EX,1,1,200000,200000,180000,160000,140000,120000 
MPDATA,EX,1,7,62000,26000,18000,13500,9000,4500 
MPDATA,EX,1,13,3000,3000
MPTEMP, 
MPTEMP,1,20,100,200,300,400,500 
MPTEMP, ,600,700,800,900,1000,1100  
MPTEMP, ,1200,1500  
MPDATA,PRXY,1,1,0.3,0.31,0.31,0.32,0.33,0.34
MPDATA,PRXY,1,7,0.35,0.36,0.37,0.39,0.4,0.41
MPDATA,PRXY,1,,0.42,0.46
MPTEMP, 
TB,BISO,1   
TBTEMP,20,100,200,300,400,500   
TBTEMP, ,600,700,800,900,1000,1100  
TBTEMP, ,1200,1500  
FINISH  
/CLE
/COM,ANSYS RELEASE 2025 R1           BUILD 25.1      UP20241202       15:26:42
/input,start,ans,'C:\Program Files\ANSYS Inc\v251\ANSYS\apdl\'  
!---------- APDL EXCECUTABLE ---------- 
!INITIALIZING   
/PREP7  
/UNITS,MPa  
!----- MATERIAL PROPERTIES -----
MP, DENS, 1, 7.85E-9      ! Density [Mg/mm^3]   
!TD Thermal Conductivity [W/mmC]
MPTEMP,1,0,800,1459,1500,2500   
MPDATA,KXX,1,1,0.053334,0.0273,0.0273,0.2593,0.2593 
MPTEMP, 
!TD Heat Capacity [Nmm/MgC] 
MPTEMP,MPTEMP,1,31.81, 599.92, 723.87, 803.23, 1394.04, 1488.06, 1506.69
MPTEMP, , 1506.69   
MPDATA,C,1,1,494.22,1042.38,2558.42,961.87,1215.78,5371.89,987.12   
MPDATA, C, 1, 7, 987.12 
MPTEMP, 
! Youngs Modulus [GPA]  
MPTEMP,1,20,100,200,300,400,500 
MPTEMP, ,600,700,800,900,1000,1100  
MPTEMP, ,1200,1500  
MPDATA,EX,1,1,200000,200000,180000,160000,140000,120000 
MPDATA,EX,1,7,62000,26000,18000,13500,9000,4500 
MPDATA,EX,1,13,3000,3000
MPTEMP, 
MPTEMP,1,20,100,200,300,400,500 
MPTEMP, ,600,700,800,900,1000,1100  
MPTEMP, ,1200,1500  
MPDATA,PRXY,1,1,0.3,0.31,0.31,0.32,0.33,0.34
MPDATA,PRXY,1,7,0.35,0.36,0.37,0.39,0.4,0.41
MPDATA,PRXY,1,,0.42,0.46
MPTEMP, 
! Bilinear isotropic plasticity: sigma_y(T) & Etan(T) [MPa] 
TB,BISO,1   
TBTEMP,1, 20,100,200,300,400,500
TBTEMP, ,600,700,800,900,1000,1100  
TBTEMP, ,1200,1500  
/CLAER  
FINISH  
/CLE
/COM,ANSYS RELEASE 2025 R1           BUILD 25.1      UP20241202       15:28:07
/input,start,ans,'C:\Program Files\ANSYS Inc\v251\ANSYS\apdl\'  
!---------- APDL EXCECUTABLE ---------- 
!INITIALIZING   
/PREP7  
/UNITS,MPa  
!----- MATERIAL PROPERTIES -----
MP, DENS, 1, 7.85E-9      ! Density [Mg/mm^3]   
!TD Thermal Conductivity [W/mmC]
MPTEMP,1,0,800,1459,1500,2500   
MPDATA,KXX,1,1,0.053334,0.0273,0.0273,0.2593,0.2593 
MPTEMP, 
!TD Heat Capacity [Nmm/MgC] 
MPTEMP,MPTEMP,1,31.81, 599.92, 723.87, 803.23, 1394.04, 1488.06, 1506.69
MPTEMP, , 1506.69   
MPDATA,C,1,1,494.22,1042.38,2558.42,961.87,1215.78,5371.89,987.12   
MPDATA, C, 1, 7, 987.12 
MPTEMP, 
! Youngs Modulus [GPA]  
MPTEMP,1,20,100,200,300,400,500 
MPTEMP, ,600,700,800,900,1000,1100  
MPTEMP, ,1200,1500  
MPDATA,EX,1,1,200000,200000,180000,160000,140000,120000 
MPDATA,EX,1,7,62000,26000,18000,13500,9000,4500 
MPDATA,EX,1,13,3000,3000
MPTEMP, 
MPTEMP,1,20,100,200,300,400,500 
MPTEMP, ,600,700,800,900,1000,1100  
MPTEMP, ,1200,1500  
MPDATA,PRXY,1,1,0.3,0.31,0.31,0.32,0.33,0.34
MPDATA,PRXY,1,7,0.35,0.36,0.37,0.39,0.4,0.41
MPDATA,PRXY,1,,0.42,0.46
MPTEMP, 
! Bilinear isotropic plasticity: sigma_y(T) & Etan(T) [MPa] 
TB,BISO,1   
TBTEMP,1,20,100,200,300,400,500 
TBTEMP, ,600,700,800,900,1000,1100  
TBTEMP, ,1200,1500  
FINISH  
/CLE
/COM,ANSYS RELEASE 2025 R1           BUILD 25.1      UP20241202       15:28:20
/input,start,ans,'C:\Program Files\ANSYS Inc\v251\ANSYS\apdl\'  
!---------- APDL EXCECUTABLE ---------- 
!INITIALIZING   
/PREP7  
/UNITS,MPa  
!----- MATERIAL PROPERTIES -----
MP, DENS, 1, 7.85E-9      ! Density [Mg/mm^3]   
!TD Thermal Conductivity [W/mmC]
MPTEMP,1,0,800,1459,1500,2500   
MPDATA,KXX,1,1,0.053334,0.0273,0.0273,0.2593,0.2593 
MPTEMP, 
!TD Heat Capacity [Nmm/MgC] 
MPTEMP,MPTEMP,1,31.81, 599.92, 723.87, 803.23, 1394.04, 1488.06, 1506.69
MPTEMP, , 1506.69   
MPDATA,C,1,1,494.22,1042.38,2558.42,961.87,1215.78,5371.89,987.12   
MPDATA, C, 1, 7, 987.12 
MPTEMP, 
! Youngs Modulus [GPA]  
MPTEMP,1,20,100,200,300,400,500 
MPTEMP, ,600,700,800,900,1000,1100  
MPTEMP, ,1200,1500  
MPDATA,EX,1,1,200000,200000,180000,160000,140000,120000 
MPDATA,EX,1,7,62000,26000,18000,13500,9000,4500 
MPDATA,EX,1,13,3000,3000
MPTEMP, 
MPTEMP,1,20,100,200,300,400,500 
MPTEMP, ,600,700,800,900,1000,1100  
MPTEMP, ,1200,1500  
MPDATA,PRXY,1,1,0.3,0.31,0.31,0.32,0.33,0.34
MPDATA,PRXY,1,7,0.35,0.36,0.37,0.39,0.4,0.41
MPDATA,PRXY,1,,0.42,0.46
MPTEMP, 
! Bilinear isotropic plasticity: sigma_y(T) & Etan(T) [MPa] 
TB,BISO,1   
TBTEMP,1,20,100,200,300,400,500 
TBTEMP, ,600,700,800,900,1000,1100  
TBTEMP, ,1200,1500  
FINISH  
/CLE
/COM,ANSYS RELEASE 2025 R1           BUILD 25.1      UP20241202       15:33:07
/input,start,ans,'C:\Program Files\ANSYS Inc\v251\ANSYS\apdl\'  
!---------- APDL EXCECUTABLE ---------- 
!INITIALIZING   
/PREP7  
/UNITS,MPa  
!----- MATERIAL PROPERTIES -----
MP, DENS, 1, 7.85E-9      ! Density [Mg/mm^3]   
!TD Thermal Conductivity [W/mmC]
MPTEMP,1,0,800,1459,1500,2500   
MPDATA,KXX,1,1,0.053334,0.0273,0.0273,0.2593,0.2593 
MPTEMP, 
!TD Heat Capacity [Nmm/MgC] 
MPTEMP,MPTEMP,1,31.81, 599.92, 723.87, 803.23, 1394.04, 1488.06, 1506.69
MPTEMP, , 1506.69   
MPDATA,C,1,1,494.22,1042.38,2558.42,961.87,1215.78,5371.89,987.12   
MPDATA, C, 1, 7, 987.12 
MPTEMP, 
! Youngs Modulus [GPA]  
MPTEMP,1,20,100,200,300,400,500 
MPTEMP, ,600,700,800,900,1000,1100  
MPTEMP, ,1200,1500  
MPDATA,EX,1,1,200000,200000,180000,160000,140000,120000 
MPDATA,EX,1,7,62000,26000,18000,13500,9000,4500 
MPDATA,EX,1,13,3000,3000
MPTEMP, 
MPTEMP,1,20,100,200,300,400,500 
MPTEMP, ,600,700,800,900,1000,1100  
MPTEMP, ,1200,1500  
MPDATA,PRXY,1,1,0.3,0.31,0.31,0.32,0.33,0.34
MPDATA,PRXY,1,7,0.35,0.36,0.37,0.39,0.4,0.41
MPDATA,PRXY,1,,0.42,0.46
MPTEMP, 
! Bilinear isotropic plasticity: sigma_y(T) & Etan(T) [MPa] 
TB,BISO,1   
TBTEMP, ,20,100,200,300,400,500 
TBTEMP, ,600,700,800,900,1000,1100  
TBTEMP, ,1200,1500  
TBDATA,1,690,585
TBDATA,3,690,585
TBDATA,5,621,472.095
TBDATA,7,552,358.605
TBDATA,9,483,245.7  
TBDATA,11,414,210.6 
TBDATA,13,213.9,105.3   
TBDATA,15,89.7,43.875   
TBDATA,17,62.1,29.25
TBDATA,19,46.575,21.9375
TBDATA,21,31.05,14.625  
TBDATA,23,15.525,7.3125 
TBDATA,25,5,0.1 
TBDATA,27,5,0.1 
!----- FINISH MATERIAL PROPERTIES ----- 
FINISH  
! /EXIT,NOSAV   
