/BATCH  
/COM,ANSYS RELEASE 2025 R1           BUILD 25.1      UP20241202       08:50:35
/input,menust,tmp,''
/GRA,POWER
/GST,ON
/PLO,INFO,3
/GRO,CURL,ON
/CPLANE,1   
WPSTYLE,,,,,,,,0
/REPLOT,RESIZE  
/REPLOT,RESIZE  
!---------- APDL EXCECUTABLE ---------- 
!INITIALIZING   
/PREP7  
/UNITS,MPa  
!----- MATERIAL PROPERTIES -----
MP, DENS, 1, 7.85E-9      ! Density [Mg/mm^3]   
!TD Thermal Conductivity [W/mmC]
MPTEMP,1,0,800,1459,1500,2500   
MPDATA,KXX,1,1,0.053334,0.0273,0.0273,0.2593,0.2593 
MPTEMP, 
!TD Heat Capacity [Nmm/MgC] 
MPTEMP,MPTEMP,1,31.81, 599.92, 723.87, 803.23, 1394.04, 1488.06, 1506.69
MPTEMP, , 1506.69   
MPDATA,C,1,1,494.22,1042.38,2558.42,961.87,1215.78,5371.89,987.12   
MPDATA, C, 1, 7, 987.12 
MPTEMP, 
! Youngs Modulus [GPA]  
MPTEMP,1,20,100,200,300,400,500 
MPTEMP, ,600,700,800,900,1000,1100  
MPTEMP, ,1200,1500  
MPDATA,EX,1,1,200000,200000,180000,160000,140000,120000 
MPDATA,EX,1,7,62000,26000,18000,13500,9000,4500 
MPDATA,EX,1,13,3000,3000
MPTEMP, 
MPTEMP,1,20,100,200,300,400,500 
MPTEMP, ,600,700,800,900,1000,1100  
MPTEMP, ,1200,1500  
MPDATA,PRXY,1,1,0.3,0.31,0.31,0.32,0.33,0.34
MPDATA,PRXY,1,7,0.35,0.36,0.37,0.39,0.4,0.41
MPDATA,PRXY,1,,0.42,0.46
TB, PLAS, 1, 2,,BISO
TBTEMP,0.0  
TBDATA,690,585  
!*  
FINISH  
/CLE
/COM,ANSYS RELEASE 2025 R1           BUILD 25.1      UP20241202       08:53:42
/input,start,ans,'C:\Program Files\ANSYS Inc\v251\ANSYS\apdl\'  
/REPLOT,RESIZE  
!---------- APDL EXCECUTABLE ---------- 
!INITIALIZING   
/PREP7  
/UNITS,MPa  
!----- MATERIAL PROPERTIES -----
MP, DENS, 1, 7.85E-9      ! Density [Mg/mm^3]   
!TD Thermal Conductivity [W/mmC]
MPTEMP,1,0,800,1459,1500,2500   
MPDATA,KXX,1,1,0.053334,0.0273,0.0273,0.2593,0.2593 
MPTEMP, 
!TD Heat Capacity [Nmm/MgC] 
MPTEMP,MPTEMP,1,31.81, 599.92, 723.87, 803.23, 1394.04, 1488.06, 1506.69
MPTEMP, , 1506.69   
MPDATA,C,1,1,494.22,1042.38,2558.42,961.87,1215.78,5371.89,987.12   
MPDATA, C, 1, 7, 987.12 
MPTEMP, 
! Youngs Modulus [GPA]  
MPTEMP,1,20,100,200,300,400,500 
MPTEMP, ,600,700,800,900,1000,1100  
MPTEMP, ,1200,1500  
MPDATA,EX,1,1,200000,200000,180000,160000,140000,120000 
MPDATA,EX,1,7,62000,26000,18000,13500,9000,4500 
MPDATA,EX,1,13,3000,3000
MPTEMP, 
MPTEMP,1,20,100,200,300,400,500 
MPTEMP, ,600,700,800,900,1000,1100  
MPTEMP, ,1200,1500  
MPDATA,PRXY,1,1,0.3,0.31,0.31,0.32,0.33,0.34
MPDATA,PRXY,1,7,0.35,0.36,0.37,0.39,0.4,0.41
MPDATA,PRXY,1,,0.42,0.46
TB, PLAS, 1, 2,,BISO
TBTEMP,0.0  
! TPDATA,690,585
TBTEMP,100  
! TPDATA,690,585
TBTEMP,200  
! TPDATA,621,472.095
TBDATA,690,585  
FINISH  
/CLE
/COM,ANSYS RELEASE 2025 R1           BUILD 25.1      UP20241202       08:54:01
/input,start,ans,'C:\Program Files\ANSYS Inc\v251\ANSYS\apdl\'  
!INITIALIZING   
/PREP7  
/UNITS,MPa  
!----- MATERIAL PROPERTIES -----
MP, DENS, 1, 7.85E-9      ! Density [Mg/mm^3]   
!TD Thermal Conductivity [W/mmC]
MPTEMP,1,0,800,1459,1500,2500   
MPDATA,KXX,1,1,0.053334,0.0273,0.0273,0.2593,0.2593 
MPTEMP, 
!TD Heat Capacity [Nmm/MgC] 
MPTEMP,MPTEMP,1,31.81, 599.92, 723.87, 803.23, 1394.04, 1488.06, 1506.69
MPTEMP, , 1506.69   
MPDATA,C,1,1,494.22,1042.38,2558.42,961.87,1215.78,5371.89,987.12   
MPDATA, C, 1, 7, 987.12 
MPTEMP, 
! Youngs Modulus [GPA]  
MPTEMP,1,20,100,200,300,400,500 
MPTEMP, ,600,700,800,900,1000,1100  
MPTEMP, ,1200,1500  
MPDATA,EX,1,1,200000,200000,180000,160000,140000,120000 
MPDATA,EX,1,7,62000,26000,18000,13500,9000,4500 
MPDATA,EX,1,13,3000,3000
MPTEMP, 
MPTEMP,1,20,100,200,300,400,500 
MPTEMP, ,600,700,800,900,1000,1100  
MPTEMP, ,1200,1500  
MPDATA,PRXY,1,1,0.3,0.31,0.31,0.32,0.33,0.34
MPDATA,PRXY,1,7,0.35,0.36,0.37,0.39,0.4,0.41
MPDATA,PRXY,1,,0.42,0.46
TB, PLAS, 1, 2,,BISO
TBTEMP,0.0  
TBDATA,690,585  
TBTEMP,100  
TBDATA,690,585  
TBTEMP,200  
TBDATA,621,472.095  
TBDATA,690,585  
!*  
!---------- APDL EXCECUTABLE ---------- 
!INITIALIZING   
/UNITS,MPa  
!----- MATERIAL PROPERTIES -----
MP, DENS, 1, 7.85E-9      ! Density [Mg/mm^3]   
!TD Thermal Conductivity [W/mmC]
MPTEMP,1,0,800,1459,1500,2500   
MPDATA,KXX,1,1,0.053334,0.0273,0.0273,0.2593,0.2593 
MPTEMP, 
!TD Heat Capacity [Nmm/MgC] 
MPTEMP,MPTEMP,1,31.81, 599.92, 723.87, 803.23, 1394.04, 1488.06, 1506.69
MPTEMP, , 1506.69   
MPDATA,C,1,1,494.22,1042.38,2558.42,961.87,1215.78,5371.89,987.12   
MPDATA, C, 1, 7, 987.12 
MPTEMP, 
! Youngs Modulus [GPA]  
MPTEMP,1,20,100,200,300,400,500 
MPTEMP, ,600,700,800,900,1000,1100  
MPTEMP, ,1200,1500  
MPDATA,EX,1,1,200000,200000,180000,160000,140000,120000 
MPDATA,EX,1,7,62000,26000,18000,13500,9000,4500 
MPDATA,EX,1,13,3000,3000
MPTEMP, 
MPTEMP,1,20,100,200,300,400,500 
MPTEMP, ,600,700,800,900,1000,1100  
MPTEMP, ,1200,1500  
MPDATA,PRXY,1,1,0.3,0.31,0.31,0.32,0.33,0.34
MPDATA,PRXY,1,7,0.35,0.36,0.37,0.39,0.4,0.41
MPDATA,PRXY,1,,0.42,0.46
TB, PLAS, 1, 2,,BISO
TBTEMP,20   
TBDATA,1,690,585
TBTEMP,100  
TBDATA,1,690,585
TBTEMP,200  
TBDATA,1,621,472.095
TBTEMP,300  
TBDATA,1,552,358.605
TBTEMP,400  
TBDATA,1,483,245.7  
TBTEMP,500  
TBDATA,1,414,210.6  
TBTEMP,600  
TBDATA,1,213.9,105.3
TBTEMP,700  
TBDATA,1,89.7,43.875
TBTEMP,800  
TBDATA,1,62.1,29.25 
TBTEMP,900  
TBDATA,1,46.575,21.9375 
TBTEMP,1000 
TBDATA,1,31.05,14.625   
TBTEMP,1100 
TBDATA,1,15.525,7.3125  
TBTEMP,1200 
TBDATA,1,5,0.1  
TBTEMP,1500 
TBDATA,1,5,0.1  
!----- FINISH MATERIAL PROPERTIES ----- 
FINISH  
/CLE
/COM,ANSYS RELEASE 2025 R1           BUILD 25.1      UP20241202       09:01:46
/input,start,ans,'C:\Program Files\ANSYS Inc\v251\ANSYS\apdl\'  
!---------- APDL EXCECUTABLE ---------- 
!INITIALIZING   
/PREP7  
/UNITS,MPa  
!----- MATERIAL PROPERTIES -----
MP, DENS, 1, 7.85E-9      ! Density [Mg/mm^3]   
!TD Thermal Conductivity [W/mmC]
MPTEMP,1,0,800,1459,1500,2500   
MPDATA,KXX,1,1,0.053334,0.0273,0.0273,0.2593,0.2593 
MPTEMP, 
!TD Heat Capacity [Nmm/MgC] 
MPTEMP,MPTEMP,1,31.81, 599.92, 723.87, 803.23, 1394.04, 1488.06, 1506.69
MPTEMP, , 1506.69   
MPDATA,C,1,1,494.22,1042.38,2558.42,961.87,1215.78,5371.89,987.12   
MPDATA, C, 1, 7, 987.12 
MPTEMP, 
! Youngs Modulus [GPA]  
MPTEMP,1,20,100,200,300,400,500 
MPTEMP, ,600,700,800,900,1000,1100  
MPTEMP, ,1200,1500  
MPDATA,EX,1,1,200000,200000,180000,160000,140000,120000 
MPDATA,EX,1,7,62000,26000,18000,13500,9000,4500 
MPDATA,EX,1,13,3000,3000
MPTEMP, 
MPTEMP,1,20,100,200,300,400,500 
MPTEMP, ,600,700,800,900,1000,1100  
MPTEMP, ,1200,1500  
MPDATA,PRXY,1,1,0.3,0.31,0.31,0.32,0.33,0.34
MPDATA,PRXY,1,7,0.35,0.36,0.37,0.39,0.4,0.41
MPDATA,PRXY,1,,0.42,0.46
TB, PLAS, 1, 2,,BISO
TBTEMP,20   
TBDATA,1,690,585
TBTEMP,100  
TBDATA,1,690,585
TBTEMP,200  
TBDATA,1,621,472.095
TBTEMP,300  
TBDATA,1,552,358.605
TBTEMP,400  
TBDATA,1,483,245.7  
TBTEMP,500  
TBDATA,1,414,210.6  
TBTEMP,600  
TBDATA,1,213.9,105.3
TBTEMP,700  
TBDATA,1,89.7,43.875
TBTEMP,800  
TBDATA,1,62.1,29.25 
TBTEMP,900  
TBDATA,1,46.575,21.9375 
TBTEMP,1000 
TBDATA,1,31.05,14.625   
TBTEMP,1100 
TBDATA,1,15.525,7.3125  
TBTEMP,1200 
TBDATA,1,5,0.1  
TBTEMP,1500 
TBDATA,1,5,0.1  
FINISH  
/CLE
/COM,ANSYS RELEASE 2025 R1           BUILD 25.1      UP20241202       09:04:05
/input,start,ans,'C:\Program Files\ANSYS Inc\v251\ANSYS\apdl\'  
!---------- APDL EXCECUTABLE ---------- 
!INITIALIZING   
/PREP7  
/UNITS,MPa  
!----- MATERIAL PROPERTIES -----
MP, DENS, 1, 7.85E-9      ! Density [Mg/mm^3]   
!TD Thermal Conductivity [W/mmC]
MPTEMP,1,0,800,1459,1500,2500   
MPDATA,KXX,1,1,0.053334,0.0273,0.0273,0.2593,0.2593 
MPTEMP, 
!TD Heat Capacity [Nmm/MgC] 
MPTEMP,MPTEMP,1,31.81, 599.92, 723.87, 803.23, 1394.04, 1488.06, 1506.69
MPTEMP, , 1506.69   
MPDATA,C,1,1,494.22,1042.38,2558.42,961.87,1215.78,5371.89,987.12   
MPDATA, C, 1, 7, 987.12 
MPTEMP, 
! Youngs Modulus [GPA]  
MPTEMP,1,20,100,200,300,400,500 
MPTEMP, ,600,700,800,900,1000,1100  
MPTEMP, ,1200,1500  
MPDATA,EX,1,1,200000,200000,180000,160000,140000,120000 
MPDATA,EX,1,7,62000,26000,18000,13500,9000,4500 
MPDATA,EX,1,13,3000,3000
MPTEMP, 
MPTEMP,1,20,100,200,300,400,500 
MPTEMP, ,600,700,800,900,1000,1100  
MPTEMP, ,1200,1500  
MPDATA,PRXY,1,1,0.3,0.31,0.31,0.32,0.33,0.34
MPDATA,PRXY,1,7,0.35,0.36,0.37,0.39,0.4,0.41
MPDATA,PRXY,1,,0.42,0.46
TB, PLAS, 1, 2,,BISO
TBTEMP,20   
TBDATA,1,690,585
TBTEMP,100  
TBDATA,1,690,585
TBTEMP,200  
TBDATA,1,621,472.095
TBTEMP,300  
TBDATA,1,552,358.605
TBTEMP,400  
TBDATA,1,483,245.7  
TBTEMP,500  
TBDATA,1,414,210.6  
TBTEMP,600  
TBDATA,1,213.9,105.3
TBTEMP,700  
TBDATA,1,89.7,43.875
TBTEMP,800  
TBDATA,1,62.1,29.25 
TBTEMP,900  
TBDATA,1,46.575,21.9375 
TBTEMP,1000 
TBDATA,1,31.05,14.625   
TBTEMP,1100 
TBDATA,1,15.525,7.3125  
TBTEMP,1200 
TBDATA,1,5,0.1  
TBTEMP,1500 
TBDATA,1,5,0.1  
!*  
FINISH  
/CLE
/COM,ANSYS RELEASE 2025 R1           BUILD 25.1      UP20241202       09:04:39
/input,start,ans,'C:\Program Files\ANSYS Inc\v251\ANSYS\apdl\'  
!---------- APDL EXCECUTABLE ---------- 
!INITIALIZING   
/PREP7  
/UNITS,MPa  
!----- MATERIAL PROPERTIES -----
MP, DENS, 1, 7.85E-9      ! Density [Mg/mm^3]   
!TD Thermal Conductivity [W/mmC]
MPTEMP,1,0,800,1459,1500,2500   
MPDATA,KXX,1,1,0.053334,0.0273,0.0273,0.2593,0.2593 
MPTEMP, 
!TD Heat Capacity [Nmm/MgC] 
MPTEMP,MPTEMP,1,31.81, 599.92, 723.87, 803.23, 1394.04, 1488.06, 1506.69
MPTEMP, , 1506.69   
MPDATA,C,1,1,494.22,1042.38,2558.42,961.87,1215.78,5371.89,987.12   
MPDATA, C, 1, 7, 987.12 
MPTEMP, 
! Youngs Modulus [GPA]  
MPTEMP,1,20,100,200,300,400,500 
MPTEMP, ,600,700,800,900,1000,1100  
MPTEMP, ,1200,1500  
MPDATA,EX,1,1,200000,200000,180000,160000,140000,120000 
MPDATA,EX,1,7,62000,26000,18000,13500,9000,4500 
MPDATA,EX,1,13,3000,3000
MPTEMP, 
MPTEMP,1,20,100,200,300,400,500 
MPTEMP, ,600,700,800,900,1000,1100  
MPTEMP, ,1200,1500  
MPDATA,PRXY,1,1,0.3,0.31,0.31,0.32,0.33,0.34
MPDATA,PRXY,1,7,0.35,0.36,0.37,0.39,0.4,0.41
MPDATA,PRXY,1,,0.42,0.46
TB, PLAS, 1, 2,,BISO
TBTEMP,20   
TBDATA,1,690,585
TBTEMP,100  
TBDATA,1,690,585
TBTEMP,200  
TBDATA,1,621,472.095
TBTEMP,300  
TBDATA,1,552,358.605
TBTEMP,400  
TBDATA,1,483,245.7  
TBTEMP,500  
TBDATA,1,414,210.6  
TBTEMP,600  
TBDATA,1,213.9,105.3
TBTEMP,700  
TBDATA,1,89.7,43.875
TBTEMP,800  
TBDATA,1,62.1,29.25 
TBTEMP,900  
TBDATA,1,46.575,21.9375 
TBTEMP,1000 
TBDATA,1,31.05,14.625   
TBTEMP,1100 
TBDATA,1,15.525,7.3125  
TBTEMP,1200 
TBDATA,1,5,0.1  
TBTEMP,1500 
TBDATA,1,5,0.1  
!*  
FINISH  
/POST1  
*DIM,TEMP,ARRAY,14  
*DIM,SIGY,ARRAY,14  
*DIM,TAN,ARRAY,14   
*SET,TEMP(1),20,100,200,300,400,500,600,700,800,900,1000,1100,1200,1500 
*SET,SIGY(1),690,690,621,552,483,414,213.9,89.7,62.1,46.575,31.05,15.525,5,5
*SET,TAN(1),585,585,472.095,358.605,245.7,210.6,105.3,43.875,29.25,21.9375,14.625,7.3125,0.1,0.1
/GRID,1,1   
/AXLAB,X,TEMP (°C) 
/AXLAB,Y,Stress (MPa)   
*VPLOT,TEMP,SIGY
/REPLOT 
*VPLOT,TEMP,TAN 
FINISH  
/CLE
/COM,ANSYS RELEASE 2025 R1           BUILD 25.1      UP20241202       09:06:28
/input,start,ans,'C:\Program Files\ANSYS Inc\v251\ANSYS\apdl\'  
/POST1  
*DIM,TEMP,ARRAY,14  
*DIM,SIGY,ARRAY,14  
*DIM,TAN,ARRAY,14   
*SET,TEMP(1),20,100,200,300,400,500,600,700,800,900,1000,1100,1200,1500 
*SET,SIGY(1),690,690,621,552,483,414,213.9,89.7,62.1,46.575,31.05,15.525,5,5
*SET,TAN(1),585,585,472.095,358.605,245.7,210.6,105.3,43.875,29.25,21.9375,14.625,7.3125,0.1,0.1
/GRID,1,1   
/AXLAB,X,TEMP (°C) 
/AXLAB,Y,Stress (MPa)   
*VPLOT,TEMP,SIGY
/REPLOT 
*VPLOT,TEMP,TAN 
/BATCH  
/COM,ANSYS RELEASE 2025 R1           BUILD 25.1      UP20241202       09:06:51
/input,menust,tmp,''
/GRA,POWER
/GST,ON
/PLO,INFO,3
/GRO,CURL,ON
/CPLANE,1   
/REPLOT,RESIZE  
WPSTYLE,,,,,,,,0
/REPLOT,RESIZE  
/CLEAR  
/COM,ANSYS RELEASE 2025 R1           BUILD 25.1      UP20241202       09:14:01
/input,start,ans,'C:\Program Files\ANSYS Inc\v251\ANSYS\apdl\'  
/REPLOT,RESIZE  
!---------- APDL EXCECUTABLE ---------- 
!INITIALIZING   
/PREP7  
/UNITS,MPa  
!----- MATERIAL PROPERTIES -----
MP, DENS, 1, 7.85E-9      ! Density [Mg/mm^3]   
!TD Thermal Conductivity [W/mmC]
MPTEMP,1,0,800,1459,1500,2500   
MPDATA,KXX,1,1,0.053334,0.0273,0.0273,0.2593,0.2593 
MPTEMP, 
!TD Heat Capacity [Nmm/MgC] 
MPTEMP,MPTEMP,1,31.81, 599.92, 723.87, 803.23, 1394.04, 1488.06, 1506.69
MPTEMP, , 1506.69   
MPDATA,C,1,1,494.22,1042.38,2558.42,961.87,1215.78,5371.89,987.12   
MPDATA, C, 1, 7, 987.12 
MPTEMP, 
! Youngs Modulus [GPA]  
MPTEMP,1,20,100,200,300,400,500 
MPTEMP, ,600,700,800,900,1000,1100  
MPTEMP, ,1200,1500  
MPDATA,EX,1,1,200000,200000,180000,160000,140000,120000 
MPDATA,EX,1,7,62000,26000,18000,13500,9000,4500 
MPDATA,EX,1,13,3000,3000
MPTEMP, 
! Temperature-Dependent Coefficient of Thermal Expansion
MPTEMP,1,0,100,200,300,400,600  
MPTEMP, ,800,1200,1500  
MPDATA,ALPX,1,1,1.2e-05,1.22e-05,1.24e-05,1.26e-05,1.28e-06,1.32e-05
MPDATA,ALPX,1,7,1.36e-05,1.44e-05,1.5e-05   
MPTEMP, 
MPTEMP,1,20,100,200,300,400,500 
MPTEMP, ,600,700,800,900,1000,1100  
MPTEMP, ,1200,1500  
MPDATA,PRXY,1,1,0.3,0.31,0.31,0.32,0.33,0.34
MPDATA,PRXY,1,7,0.35,0.36,0.37,0.39,0.4,0.41
MPDATA,PRXY,1,,0.42,0.46
TB, PLAS, 1, 2,,BISO
TBTEMP,20   
TBDATA,1,690,585
TBTEMP,100  
TBDATA,1,690,585
TBTEMP,200  
TBDATA,1,621,472.095
TBTEMP,300  
TBDATA,1,552,358.605
TBTEMP,400  
TBDATA,1,483,245.7  
TBTEMP,500  
TBDATA,1,414,210.6  
TBTEMP,600  
TBDATA,1,213.9,105.3
TBTEMP,700  
TBDATA,1,89.7,43.875
TBTEMP,800  
TBDATA,1,62.1,29.25 
TBTEMP,900  
TBDATA,1,46.575,21.9375 
TBTEMP,1000 
TBDATA,1,31.05,14.625   
TBTEMP,1100 
TBDATA,1,15.525,7.3125  
TBTEMP,1200 
TBDATA,1,5,0.1  
TBTEMP,1500 
TBDATA,1,5,0.1  
!----- FINISH MATERIAL PROPERTIES ----- 
!*  
FINISH  
/CLE
/COM,ANSYS RELEASE 2025 R1           BUILD 25.1      UP20241202       09:18:58
/input,start,ans,'C:\Program Files\ANSYS Inc\v251\ANSYS\apdl\'  
!---------- APDL EXCECUTABLE ---------- 
!INITIALIZING   
/PREP7  
/UNITS,MPa  
!----- MATERIAL PROPERTIES -----
MP, DENS, 1, 7.85E-9      ! Density [Mg/mm^3]   
!TD Thermal Conductivity [W/mmC]
MPTEMP,1,0,800,1459,1500,2500   
MPDATA,KXX,1,1,0.053334,0.0273,0.0273,0.2593,0.2593 
MPTEMP, 
!TD Heat Capacity [Nmm/MgC] 
MPTEMP,MPTEMP,1,31.81, 599.92, 723.87, 803.23, 1394.04, 1488.06, 1506.69
MPTEMP, , 1506.69   
MPDATA,C,1,1,494.22,1042.38,2558.42,961.87,1215.78,5371.89,987.12   
MPDATA, C, 1, 7, 987.12 
MPTEMP, 
! Youngs Modulus [GPA]  
MPTEMP,1,20,100,200,300,400,500 
MPTEMP, ,600,700,800,900,1000,1100  
MPTEMP, ,1200,1500  
MPDATA,EX,1,1,200000,200000,180000,160000,140000,120000 
MPDATA,EX,1,7,62000,26000,18000,13500,9000,4500 
MPDATA,EX,1,13,3000,3000
MPTEMP, 
! Temperature-Dependent Coefficient of Thermal Expansion
MPTEMP,1,0,100,200,300,400,600  
MPTEMP, ,800,1200,1500  
MPDATA,ALPX,1,1,1.2e-05,1.22e-05,1.24e-05,1.26e-05,1.28e-06,1.32e-05
MPDATA,ALPX,1,7,1.36e-05,1.44e-05,1.5e-05   
MPTEMP, 
MPTEMP,1,20,100,200,300,400,500 
MPTEMP, ,600,700,800,900,1000,1100  
MPTEMP, ,1200,1500  
MPDATA,PRXY,1,1,0.3,0.31,0.31,0.32,0.33,0.34
MPDATA,PRXY,1,7,0.35,0.36,0.37,0.39,0.4,0.41
MPDATA,PRXY,1,,0.42,0.46
TB, PLAS, 1, 2,,BISO
TBTEMP,20   
TBDATA,1,690,585
TBTEMP,100  
TBDATA,1,690,585
TBTEMP,200  
TBDATA,1,621,472.095
TBTEMP,300  
TBDATA,1,552,358.605
TBTEMP,400  
TBDATA,1,483,245.7  
TBTEMP,500  
TBDATA,1,414,210.6  
TBTEMP,600  
TBDATA,1,213.9,105.3
TBTEMP,700  
TBDATA,1,89.7,43.875
TBTEMP,800  
TBDATA,1,62.1,29.25 
TBTEMP,900  
TBDATA,1,46.575,21.9375 
TBTEMP,1000 
TBDATA,1,31.05,14.625   
TBTEMP,1100 
TBDATA,1,15.525,7.3125  
TBTEMP,1200 
TBDATA,1,5,0.1  
TBTEMP,1500 
TBDATA,1,5,0.1  
!----- FINISH MATERIAL PROPERTIES ----- 
! ----- GEOMETRY CREATION ----- 
!  KEYPOINT CREATION
!Reinforcement Plate
K,1,0,0,0   
K,2,100.0,0,0   
K,3,100.0,50.0,0
K,4,0,50.0,0
K,5,0,0,4.0 
K,6,100.0,0,4.0 
K,7,100.0,50.0,4.0  
K,8,0,50.0,4.0  
! WeldToe 1 
K,9,0,-0.5,4.0  
K,10,0,-0.5,6.82842712474619
K,11,0,2.32842712474619,4.0 
K,12,0,0.9142135623730949,5.414213562373095 
K,13,100.0,-0.5,4.0 
K,14,100.0,-0.5,6.82842712474619
K,15,100.0,2.32842712474619,4.0 
K,16,100.0,0.9142135623730949,5.414213562373095 
! WeldToe 2 
!  FINISH KEYPOINT CREATION 
!  LINE CREATION
! Reinforcement Plate   
L,1,2   
L,2,3   
L,3,4   
L,4,1   
L,5,6   
L,6,7   
L,7,8   
L,8,5   
L,1,5   
L,2,6   
L,3,7   
L,4,8   
! Weld Toe 1
L,9,11  
L,9,10  
L,10,12 
L,12,11 
L,13,15 
L,13,14 
L,14,16 
L,16,15 
L,9,13  
L,10,14 
L,11,15 
L,12,16 
! FINISH LINE CREATION  
! Volume Create 
v,1,2,3,4,5,6,7,8   
v,9,10,11,13,14,15  
*GET,vRP,VOLU,0,NUM,MIN 
*GET,vWT1,VOLU,0,NUM,MAX
VGLUE,ALL ! Glue Volumes Together   
! ----- FINISH GEOMETRY CREATION -----  
/PNUM,KP,1  
/REPLOT 
!----- MESHING -----
ET,1,SOLID279 ! Element Type
!Selecting Lines
LSEL,S,LINE,, 14
LSEL,A,LINE,, 25
LSEL,A,LINE,, 29
LSEL,A,LINE,, 27
LSEL,A,LINE,, 30
LSEL,A,LINE,, 28
LSEL,A,LINE,, 18
LSEL,A,LINE,, 26
LESIZE, ALL, 1.0
LSEL,S,LINE,, 21
LSEL,A,LINE,, 5 
LSEL,A,LINE,, 22
LSEL,A,LINE,, 24
LSEL,A,LINE,, 23
LESIZE, ALL, 2.0
LSEL,S,LINE,, 4 
LSEL,A,LINE,, 32
LSEL,A,LINE,, 3 
LSEL,A,LINE,, 7 
LSEL,A,LINE,, 2 
LSEL,A,LINE,, 31
LSEL,A,LINE,, 1 
LESIZE, ALL, 2.0
LSEL,S,LINE,, 10
LSEL,A,LINE,, 11
LSEL,A,LINE,, 12
LSEL,A,LINE,, 9 
LESIZE, ALL, 2.0
LSEL,ALL
/PNUM,LINE,1
LPLOT   
!Setting Mesh Parameters
MSHKEY, 1   
VSWEEP, ALL ! Creating Mesh 
SHPP,SUMMARY
!----- MESH FINISH -----
/USER,  1   
/VIEW,  1, -0.250887187474    , -0.892150417897    ,  0.375663747263
/ANG,   1,   32.5454856923  
/REPLO  
/VIEW,  1, -0.854021016703    , -0.515279169241    , -0.716622688463E-01
/ANG,   1,   84.6551923219  
/REPLO  
/VIEW,  1,  0.903124729877    ,  0.906892286374E-02,  0.429282514112
/ANG,   1,  -96.0596778336  
/REPLO  
/VIEW,  1,  0.958695805403    ,  0.115955893007    ,  0.259724052757
/ANG,   1,  -95.1131617089  
/REPLO  
/VIEW,  1, -0.670452706111    , -0.741918480881    , -0.708072001493E-02
/ANG,   1,   91.8053174506  
/REPLO  
/VIEW,  1, -0.972368986032    , -0.978667789900E-01,  0.211944918725
/ANG,   1,   92.7243298780  
/REPLO  
/VIEW,  1, -0.904277217199    , -0.331367709476    ,  0.269217673215
/ANG,   1,   81.0526482828  
/REPLO  
/DIST, 1 ,0.924021,1
/REP,FAST   
/DIST, 1 ,0.924021,1
/REP,FAST   
/DIST, 1 ,0.924021,1
/REP,FAST   
/DIST, 1 ,0.924021,1
/REP,FAST   
/DIST, 1 ,0.924021,1
/REP,FAST   
/DIST, 1 ,0.924021,1
/REP,FAST   
/DIST, 1 ,0.924021,1
/REP,FAST   
/DIST, 1 ,0.924021,1
/REP,FAST   
/FOC,   1,   47.4138606233    ,   21.4416382257    ,  -9.34450001346
/REPLO  
/DIST, 1 ,0.924021,1
/REP,FAST   
/DIST, 1 ,0.924021,1
/REP,FAST   
/DIST, 1 ,0.924021,1
/REP,FAST   
/DIST, 1 ,0.924021,1
/REP,FAST   
/DIST, 1 ,0.924021,1
/REP,FAST   
/DIST, 1 ,1.082226,1
/REP,FAST   
/DIST, 1 ,1.082226,1
/REP,FAST   
/DIST, 1 ,1.082226,1
/REP,FAST   
/DIST, 1 ,1.082226,1
/REP,FAST   
/DIST, 1 ,1.082226,1
/REP,FAST   
/DIST, 1 ,1.082226,1
/REP,FAST   
/DIST, 1 ,1.082226,1
/REP,FAST   
/DIST, 1 ,1.082226,1
/REP,FAST   
/DIST, 1 ,1.082226,1
/REP,FAST   
/DIST, 1 ,1.082226,1
/REP,FAST   
/DIST, 1 ,0.924021,1
/REP,FAST   
/DIST, 1 ,0.924021,1
/REP,FAST   
/DIST, 1 ,0.924021,1
/REP,FAST   
/DIST, 1 ,0.924021,1
/REP,FAST   
/DIST, 1 ,0.924021,1
/REP,FAST   
/DIST, 1 ,0.924021,1
/REP,FAST   
/DIST, 1 ,0.924021,1
/REP,FAST   
/DIST, 1 ,0.924021,1
/REP,FAST   
/DIST, 1 ,0.924021,1
/REP,FAST   
/DIST, 1 ,0.924021,1
/REP,FAST   
/DIST, 1 ,0.924021,1
/REP,FAST   
/DIST, 1 ,0.924021,1
/REP,FAST   
/DIST, 1 ,0.924021,1
/REP,FAST   
/DIST, 1 ,0.924021,1
/REP,FAST   
/DIST, 1 ,0.924021,1
/REP,FAST   
/DIST, 1 ,0.924021,1
/REP,FAST   
/DIST, 1 ,0.924021,1
/REP,FAST   
/DIST, 1 ,0.924021,1
/REP,FAST   
/DIST, 1 ,0.924021,1
/REP,FAST   
/DIST, 1 ,0.924021,1
/REP,FAST   
/DIST, 1 ,0.924021,1
/REP,FAST   
/DIST, 1 ,0.924021,1
/REP,FAST   
/DIST, 1 ,0.924021,1
/REP,FAST   
/DIST, 1 ,0.924021,1
/REP,FAST   
/DIST, 1 ,0.924021,1
/REP,FAST   
/FOC,   1,   47.5084782572    ,   21.0935610643    ,  -9.45512039240
/REPLO  
/FOC,   1,   48.2716436436    ,   18.8069393016    ,  -9.70621662723
/REPLO  
/FOC,   1,   48.1707288401    ,   19.1510416070    ,  -9.62164032600
/REPLO  
/DIST, 1 ,1.082226,1
/REP,FAST   
/DIST, 1 ,1.082226,1
/REP,FAST   
/DIST, 1 ,1.082226,1
/REP,FAST   
/DIST, 1 ,1.082226,1
/REP,FAST   
/DIST, 1 ,1.082226,1
/REP,FAST   
/DIST, 1 ,1.082226,1
/REP,FAST   
/VIEW,  1, -0.918671088334    , -0.347359510966    ,  0.188108483595
/ANG,   1,   82.7435215420  
/REPLO  
/DIST, 1 ,0.924021,1
/REP,FAST   
/DIST, 1 ,0.924021,1
/REP,FAST   
/FOC,   1,   48.2884252685    ,   19.5764189807    ,  -8.26134451397
/REPLO  
/FOC,   1,   48.2815504360    ,   19.9744226818    ,  -7.55996912362
/REPLO  
/FOC,   1,   48.2743352632    ,   20.0025466831    ,  -7.54327254194
/REPLO  
/VIEW,  1, -0.954485052672    , -0.202550485399    ,  0.218932832374
/ANG,   1,   82.4199405295  
/REPLO  
/DIST, 1 ,1.082226,1
/REP,FAST   
/DIST, 1 ,1.082226,1
/REP,FAST   
/DIST, 1 ,1.082226,1
/REP,FAST   
/DIST, 1 ,1.082226,1
/REP,FAST   
/DIST, 1 ,1.082226,1
/REP,FAST   
/DIST, 1 ,1.082226,1
/REP,FAST   
/DIST, 1 ,1.082226,1
/REP,FAST   
/DIST, 1 ,1.082226,1
/REP,FAST   
/DIST, 1 ,1.082226,1
/REP,FAST   
/DIST, 1 ,1.082226,1
/REP,FAST   
/DIST, 1 ,1.082226,1
/REP,FAST   
/DIST, 1 ,1.082226,1
/REP,FAST   
/DIST, 1 ,1.082226,1
/REP,FAST   
/DIST, 1 ,1.082226,1
/REP,FAST   
/DIST, 1 ,1.082226,1
/REP,FAST   
/DIST, 1 ,1.082226,1
/REP,FAST   
/DIST, 1 ,1.082226,1
/REP,FAST   
/DIST, 1 ,1.082226,1
/REP,FAST   
/DIST, 1 ,1.082226,1
/REP,FAST   
/DIST, 1 ,1.082226,1
/REP,FAST   
/DIST, 1 ,1.082226,1
/REP,FAST   
/DIST, 1 ,1.082226,1
/REP,FAST   
/DIST, 1 ,1.082226,1
/REP,FAST   
/DIST, 1 ,0.924021,1
/REP,FAST   
/DIST, 1 ,0.924021,1
/REP,FAST   
/DIST, 1 ,0.924021,1
/REP,FAST   
/DIST, 1 ,0.924021,1
/REP,FAST   
/DIST, 1 ,0.924021,1
/REP,FAST   
/DIST, 1 ,0.924021,1
/REP,FAST   
/DIST, 1 ,0.924021,1
/REP,FAST   
/DIST, 1 ,0.924021,1
/REP,FAST   
/DIST, 1 ,0.924021,1
/REP,FAST   
/DIST, 1 ,0.924021,1
/REP,FAST   
/DIST, 1 ,0.924021,1
/REP,FAST   
/DIST, 1 ,0.924021,1
/REP,FAST   
/DIST, 1 ,0.924021,1
/REP,FAST   
/DIST, 1 ,0.924021,1
/REP,FAST   
/DIST, 1 ,0.924021,1
/REP,FAST   
/DIST, 1 ,0.924021,1
/REP,FAST   
/FOC,   1,   49.1420479095    ,   14.2836141436    ,  -9.05128670033
/REPLO  
/FOC,   1,   49.5616513923    ,   12.1922018661    ,  -9.15685021650
/REPLO  
/DIST, 1 ,0.924021,1
/REP,FAST   
/DIST, 1 ,0.924021,1
/REP,FAST   
/DIST, 1 ,0.924021,1
/REP,FAST   
/DIST, 1 ,0.924021,1
/REP,FAST   
/DIST, 1 ,0.924021,1
/REP,FAST   
/DIST, 1 ,0.924021,1
/REP,FAST   
/DIST, 1 ,0.924021,1
/REP,FAST   
/DIST, 1 ,0.924021,1
/REP,FAST   
/DIST, 1 ,0.924021,1
/REP,FAST   
/DIST, 1 ,0.924021,1
/REP,FAST   
/FOC,   1,   49.7483188985    ,   11.8150462019    ,  -8.69196662394
/REPLO  
/DIST, 1 ,1.082226,1
/REP,FAST   
/VIEW,  1, -0.949974364798    , -0.211340410926    ,  0.229965077643
/ANG,   1,   82.2772531612  
/REPLO  
/DIST, 1 ,1.082226,1
/REP,FAST   
/DIST, 1 ,1.082226,1
/REP,FAST   
/DIST, 1 ,1.082226,1
/REP,FAST   
/DIST, 1 ,1.082226,1
/REP,FAST   
/DIST, 1 ,1.082226,1
/REP,FAST   
/DIST, 1 ,0.924021,1
/REP,FAST   
/DIST, 1 ,0.924021,1
/REP,FAST   
/DIST, 1 ,0.924021,1
/REP,FAST   
/DIST, 1 ,0.924021,1
/REP,FAST   
/DIST, 1 ,0.924021,1
/REP,FAST   
/DIST, 1 ,0.924021,1
/REP,FAST   
/DIST, 1 ,0.924021,1
/REP,FAST   
/DIST, 1 ,1.082226,1
/REP,FAST   
/DIST, 1 ,1.082226,1
/REP,FAST   
/DIST, 1 ,1.082226,1
/REP,FAST   
/DIST, 1 ,1.082226,1
/REP,FAST   
/DIST, 1 ,1.082226,1
/REP,FAST   
/DIST, 1 ,1.082226,1
/REP,FAST   
/DIST, 1 ,1.082226,1
/REP,FAST   
/DIST, 1 ,1.082226,1
/REP,FAST   
/DIST, 1 ,1.082226,1
/REP,FAST   
/DIST, 1 ,1.082226,1
/REP,FAST   
/DIST, 1 ,1.082226,1
/REP,FAST   
/DIST, 1 ,1.082226,1
/REP,FAST   
/DIST, 1 ,1.082226,1
/REP,FAST   
/DIST, 1 ,1.082226,1
/REP,FAST   
/DIST, 1 ,1.082226,1
/REP,FAST   
/DIST, 1 ,1.082226,1
/REP,FAST   
/DIST, 1 ,1.082226,1
/REP,FAST   
/DIST, 1 ,1.082226,1
/REP,FAST   
/DIST, 1 ,1.082226,1
/REP,FAST   
/DIST, 1 ,1.082226,1
/REP,FAST   
/DIST, 1 ,1.082226,1
/REP,FAST   
/DIST, 1 ,1.082226,1
/REP,FAST   
/DIST, 1 ,1.082226,1
/REP,FAST   
/DIST, 1 ,1.082226,1
/REP,FAST   
/DIST, 1 ,0.924021,1
/REP,FAST   
/DIST, 1 ,0.924021,1
/REP,FAST   
/DIST, 1 ,0.924021,1
/REP,FAST   
/DIST, 1 ,0.924021,1
/REP,FAST   
/DIST, 1 ,0.924021,1
/REP,FAST   
/DIST, 1 ,0.924021,1
/REP,FAST   
/DIST, 1 ,0.924021,1
/REP,FAST   
/DIST, 1 ,0.924021,1
/REP,FAST   
/DIST, 1 ,0.924021,1
/REP,FAST   
/DIST, 1 ,0.924021,1
/REP,FAST   
/DIST, 1 ,0.924021,1
/REP,FAST   
/DIST, 1 ,0.924021,1
/REP,FAST   
/DIST, 1 ,0.924021,1
/REP,FAST   
/DIST, 1 ,0.924021,1
/REP,FAST   
/DIST, 1 ,0.924021,1
/REP,FAST   
/DIST, 1 ,0.924021,1
/REP,FAST   
/DIST, 1 ,0.924021,1
/REP,FAST   
/DIST, 1 ,0.924021,1
/REP,FAST   
/DIST, 1 ,0.924021,1
/REP,FAST   
/DIST, 1 ,0.924021,1
/REP,FAST   
/DIST, 1 ,0.924021,1
/REP,FAST   
/FOC,   1,   49.6370488349    ,   12.2817224173    ,  -8.72273723021
/REPLO  
/VIEW,  1, -0.933333906550    , -0.271738968087    ,  0.234618311532
/ANG,   1,   82.1557954576  
/REPLO  
/VIEW,  1, -0.964645977398    , -0.139838192153    ,  0.223390730124
/ANG,   1,   82.3773830577  
/REPLO  
/VIEW,  1, -0.952458808144    , -0.183833251980    ,  0.242955868948
/ANG,   1,   82.1738705208  
/REPLO  
KPLOT   
K,200,0,0.9142,5.414
kdele,200   
lplot   
/DIST, 1 ,1.082226,1
/REP,FAST   
/DIST, 1 ,1.082226,1
/REP,FAST   
/DIST, 1 ,1.082226,1
/REP,FAST   
/DIST, 1 ,1.082226,1
/REP,FAST   
/DIST, 1 ,1.082226,1
/REP,FAST   
/DIST, 1 ,1.082226,1
/REP,FAST   
/DIST, 1 ,1.082226,1
/REP,FAST   
/DIST, 1 ,1.082226,1
/REP,FAST   
/DIST, 1 ,1.082226,1
/REP,FAST   
/DIST, 1 ,1.082226,1
/REP,FAST   
/DIST, 1 ,1.082226,1
/REP,FAST   
/DIST, 1 ,1.082226,1
/REP,FAST   
/DIST, 1 ,1.082226,1
/REP,FAST   
/DIST, 1 ,1.082226,1
/REP,FAST   
/DIST, 1 ,1.082226,1
/REP,FAST   
/DIST, 1 ,1.082226,1
/REP,FAST   
/DIST, 1 ,1.082226,1
/REP,FAST   
/DIST, 1 ,1.082226,1
/REP,FAST   
/DIST, 1 ,1.082226,1
/REP,FAST   
/DIST, 1 ,1.082226,1
/REP,FAST   
/DIST, 1 ,1.082226,1
/REP,FAST   
/DIST, 1 ,1.082226,1
/REP,FAST   
/DIST, 1 ,1.082226,1
/REP,FAST   
/DIST, 1 ,1.082226,1
/REP,FAST   
/DIST, 1 ,1.082226,1
/REP,FAST   
/DIST, 1 ,1.082226,1
/REP,FAST   
/DIST, 1 ,0.924021,1
/REP,FAST   
/DIST, 1 ,0.924021,1
/REP,FAST   
/DIST, 1 ,0.924021,1
/REP,FAST   
/DIST, 1 ,0.924021,1
/REP,FAST   
/FOC,   1,   49.9872604167    ,   18.7316864829    ,  -2.46942060232
/REPLO  
/FOC,   1,   49.9697692721    ,   21.4096464655    , -0.511704991003
/REPLO  
/DIST, 1 ,0.924021,1
/REP,FAST   
/DIST, 1 ,0.924021,1
/REP,FAST   
/DIST, 1 ,0.924021,1
/REP,FAST   
/DIST, 1 ,0.924021,1
/REP,FAST   
/DIST, 1 ,0.924021,1
/REP,FAST   
/DIST, 1 ,0.924021,1
/REP,FAST   
/DIST, 1 ,0.924021,1
/REP,FAST   
/DIST, 1 ,0.924021,1
/REP,FAST   
/DIST, 1 ,0.924021,1
/REP,FAST   
/DIST, 1 ,0.924021,1
/REP,FAST   
/DIST, 1 ,0.924021,1
/REP,FAST   
/DIST, 1 ,0.924021,1
/REP,FAST   
/DIST, 1 ,0.924021,1
/REP,FAST   
/DIST, 1 ,0.924021,1
/REP,FAST   
/DIST, 1 ,0.924021,1
/REP,FAST   
/DIST, 1 ,0.924021,1
/REP,FAST   
/DIST, 1 ,0.924021,1
/REP,FAST   
/DIST, 1 ,0.924021,1
/REP,FAST   
/DIST, 1 ,0.924021,1
/REP,FAST   
/DIST, 1 ,0.924021,1
/REP,FAST   
/DIST, 1 ,0.924021,1
/REP,FAST   
/DIST, 1 ,0.924021,1
/REP,FAST   
/DIST, 1 ,0.924021,1
/REP,FAST   
/DIST, 1 ,0.924021,1
/REP,FAST   
/DIST, 1 ,0.924021,1
/REP,FAST   
/DIST, 1 ,0.924021,1
/REP,FAST   
/DIST, 1 ,0.924021,1
/REP,FAST   
/DIST, 1 ,0.924021,1
/REP,FAST   
/DIST, 1 ,0.924021,1
/REP,FAST   
/DIST, 1 ,0.924021,1
/REP,FAST   
/DIST, 1 ,0.924021,1
/REP,FAST   
/DIST, 1 ,0.924021,1
/REP,FAST   
/DIST, 1 ,0.924021,1
/REP,FAST   
/DIST, 1 ,0.924021,1
/REP,FAST   
/DIST, 1 ,0.924021,1
/REP,FAST   
/DIST, 1 ,0.924021,1
/REP,FAST   
/DIST, 1 ,0.924021,1
/REP,FAST   
/DIST, 1 ,0.924021,1
/REP,FAST   
/DIST, 1 ,1.082226,1
/REP,FAST   
/DIST, 1 ,1.082226,1
/REP,FAST   
/DIST, 1 ,1.082226,1
/REP,FAST   
/DIST, 1 ,1.082226,1
/REP,FAST   
/DIST, 1 ,1.082226,1
/REP,FAST   
/DIST, 1 ,1.082226,1
/REP,FAST   
/DIST, 1 ,1.082226,1
/REP,FAST   
/DIST, 1 ,1.082226,1
/REP,FAST   
/DIST, 1 ,1.082226,1
/REP,FAST   
/DIST, 1 ,1.082226,1
/REP,FAST   
/DIST, 1 ,1.082226,1
/REP,FAST   
/DIST, 1 ,1.082226,1
/REP,FAST   
/DIST, 1 ,1.082226,1
/REP,FAST   
/DIST, 1 ,1.082226,1
/REP,FAST   
/DIST, 1 ,1.082226,1
/REP,FAST   
/DIST, 1 ,1.082226,1
/REP,FAST   
/DIST, 1 ,1.082226,1
/REP,FAST   
/DIST, 1 ,1.082226,1
/REP,FAST   
/DIST, 1 ,1.082226,1
/REP,FAST   
/DIST, 1 ,1.082226,1
/REP,FAST   
/DIST, 1 ,1.082226,1
/REP,FAST   
/DIST, 1 ,1.082226,1
/REP,FAST   
/DIST, 1 ,1.082226,1
/REP,FAST   
/DIST, 1 ,1.082226,1
/REP,FAST   
/DIST, 1 ,1.082226,1
/REP,FAST   
/DIST, 1 ,1.082226,1
/REP,FAST   
/DIST, 1 ,1.082226,1
/REP,FAST   
/DIST, 1 ,1.082226,1
/REP,FAST   
/DIST, 1 ,1.082226,1
/REP,FAST   
/FOC,   1,   48.0049187610    ,   31.0699170768    , -0.905028333777
/REPLO  
/VIEW,  1, -0.533720790828    ,  0.845439930499    , -0.193246308016E-01
/ANG,   1,   87.2057842872  
/REPLO  
/VIEW,  1, -0.904281169533    , -0.400969402358    ,  0.146625730352
/ANG,   1,   85.8017112039  
/REPLO  
/DIST, 1 ,0.924021,1
/REP,FAST   
/DIST, 1 ,0.924021,1
/REP,FAST   
/DIST, 1 ,0.924021,1
/REP,FAST   
/DIST, 1 ,0.924021,1
/REP,FAST   
/FOC,   1,   49.1334766254    ,   27.3729605752    ,  -4.05476755346
/REPLO  
/DIST, 1 ,0.924021,1
/REP,FAST   
/DIST, 1 ,0.924021,1
/REP,FAST   
/DIST, 1 ,0.924021,1
/REP,FAST   
/DIST, 1 ,0.924021,1
/REP,FAST   
/DIST, 1 ,0.924021,1
/REP,FAST   
/DIST, 1 ,0.924021,1
/REP,FAST   
/DIST, 1 ,0.924021,1
/REP,FAST   
/DIST, 1 ,0.924021,1
/REP,FAST   
/DIST, 1 ,0.924021,1
/REP,FAST   
/FOC,   1,   49.8872741849    ,   25.4865989061    ,  -4.56442143363
/REPLO  
/DIST, 1 ,1.082226,1
/REP,FAST   
/DIST, 1 ,1.082226,1
/REP,FAST   
/DIST, 1 ,1.082226,1
/REP,FAST   
/DIST, 1 ,1.082226,1
/REP,FAST   
/FOC,   1,   48.4863079277    ,   28.5465064506    ,  -4.83680272722
/REPLO  
/FOC,   1,   48.1067124360    ,   29.3955163884    ,  -4.85613117531
/REPLO  
/DIST, 1 ,1.082226,1
/REP,FAST   
/DIST, 1 ,1.082226,1
/REP,FAST   
/DIST, 1 ,1.082226,1
/REP,FAST   
/DIST, 1 ,1.082226,1
/REP,FAST   
/DIST, 1 ,1.082226,1
/REP,FAST   
/DIST, 1 ,1.082226,1
/REP,FAST   
/DIST, 1 ,1.082226,1
/REP,FAST   
/DIST, 1 ,1.082226,1
/REP,FAST   
/DIST, 1 ,1.082226,1
/REP,FAST   
/DIST, 1 ,1.082226,1
/REP,FAST   
/DIST, 1 ,1.082226,1
/REP,FAST   
/DIST, 1 ,1.082226,1
/REP,FAST   
/DIST, 1 ,1.082226,1
/REP,FAST   
/DIST, 1 ,1.082226,1
/REP,FAST   
/DIST, 1 ,1.082226,1
/REP,FAST   
/DIST, 1 ,1.082226,1
/REP,FAST   
/DIST, 1 ,1.082226,1
/REP,FAST   
/DIST, 1 ,1.082226,1
/REP,FAST   
/DIST, 1 ,1.082226,1
/REP,FAST   
/DIST, 1 ,0.924021,1
/REP,FAST   
/DIST, 1 ,0.924021,1
/REP,FAST   
/DIST, 1 ,0.924021,1
/REP,FAST   
/DIST, 1 ,0.924021,1
/REP,FAST   
/DIST, 1 ,0.924021,1
/REP,FAST   
/DIST, 1 ,0.924021,1
/REP,FAST   
/DIST, 1 ,0.924021,1
/REP,FAST   
/DIST, 1 ,0.924021,1
/REP,FAST   
/DIST, 1 ,0.924021,1
/REP,FAST   
/DIST, 1 ,0.924021,1
/REP,FAST   
/DIST, 1 ,0.924021,1
/REP,FAST   
/DIST, 1 ,0.924021,1
/REP,FAST   
/DIST, 1 ,0.924021,1
/REP,FAST   
/DIST, 1 ,0.924021,1
/REP,FAST   
/DIST, 1 ,0.924021,1
/REP,FAST   
/DIST, 1 ,0.924021,1
/REP,FAST   
/FOC,   1,   49.7908136946    ,   25.7714877391    ,  -4.38024980082
/REPLO  
/DIST, 1 ,0.924021,1
/REP,FAST   
/DIST, 1 ,0.924021,1
/REP,FAST   
/DIST, 1 ,0.924021,1
/REP,FAST   
/DIST, 1 ,0.924021,1
/REP,FAST   
/DIST, 1 ,0.924021,1
/REP,FAST   
/FOC,   1,   50.8509627323    ,   23.1455094823    ,  -5.02313915138
/REPLO  
/DIST, 1 ,0.924021,1
/REP,FAST   
/DIST, 1 ,0.924021,1
/REP,FAST   
/DIST, 1 ,0.924021,1
/REP,FAST   
/DIST, 1 ,0.924021,1
/REP,FAST   
/DIST, 1 ,0.924021,1
/REP,FAST   
/DIST, 1 ,0.924021,1
/REP,FAST   
/DIST, 1 ,1.082226,1
/REP,FAST   
/DIST, 1 ,1.082226,1
/REP,FAST   
/DIST, 1 ,1.082226,1
/REP,FAST   
/DIST, 1 ,1.082226,1
/REP,FAST   
/DIST, 1 ,1.082226,1
/REP,FAST   
/DIST, 1 ,0.924021,1
/REP,FAST   
/VIEW,  1, -0.979374291289    , -0.592270709276E-01,  0.193179066235
/ANG,   1,   86.5021619516  
/REPLO  
/DIST, 1 ,1.082226,1
/REP,FAST   
/DIST, 1 ,1.082226,1
/REP,FAST   
/DIST, 1 ,1.082226,1
/REP,FAST   
/DIST, 1 ,1.082226,1
/REP,FAST   
/DIST, 1 ,1.082226,1
/REP,FAST   
/DIST, 1 ,1.082226,1
/REP,FAST   
/DIST, 1 ,1.082226,1
/REP,FAST   
/DIST, 1 ,1.082226,1
/REP,FAST   
/DIST, 1 ,1.082226,1
/REP,FAST   
/DIST, 1 ,1.082226,1
/REP,FAST   
/DIST, 1 ,1.082226,1
/REP,FAST   
/DIST, 1 ,1.082226,1
/REP,FAST   
/DIST, 1 ,1.082226,1
/REP,FAST   
/DIST, 1 ,1.082226,1
/REP,FAST   
/DIST, 1 ,1.082226,1
/REP,FAST   
/DIST, 1 ,1.082226,1
/REP,FAST   
/DIST, 1 ,1.082226,1
/REP,FAST   
/DIST, 1 ,1.082226,1
/REP,FAST   
/DIST, 1 ,1.082226,1
/REP,FAST   
/VIEW,  1, -0.895719705997    ,  0.427702347229    ,  0.121478024614
/ANG,   1,   89.1032569368  
/REPLO  
/FOC,   1,   45.4269248566    ,   10.9202892494    ,  -1.97454020645
/REPLO  
/DIST, 1 ,0.924021,1
/REP,FAST   
/DIST, 1 ,0.924021,1
/REP,FAST   
/DIST, 1 ,0.924021,1
/REP,FAST   
/DIST, 1 ,0.924021,1
/REP,FAST   
/FOC,   1,   38.8909900190    ,  -3.18602443885    , -0.501534330124
/REPLO  
/VIEW,  1, -0.946764276556    , -0.295232071404    ,  0.128356646312
/ANG,   1,   87.2791827458  
/REPLO  
/FOC,   1,   34.8099001598    ,   9.38655647793    ,  -1.68574243699
/REPLO  
/DIST, 1 ,0.924021,1
/REP,FAST   
/DIST, 1 ,0.924021,1
/REP,FAST   
/DIST, 1 ,0.924021,1
/REP,FAST   
/DIST, 1 ,0.924021,1
/REP,FAST   
/DIST, 1 ,0.924021,1
/REP,FAST   
/FOC,   1,   33.7460024511    ,   12.9006527841    ,  -1.45035464845
/REPLO  
/DIST, 1 ,1.082226,1
/REP,FAST   
/DIST, 1 ,1.082226,1
/REP,FAST   
/DIST, 1 ,1.082226,1
/REP,FAST   
/DIST, 1 ,1.082226,1
/REP,FAST   
/DIST, 1 ,1.082226,1
/REP,FAST   
/VIEW,  1, -0.939951142699    , -0.309435952292    ,  0.144018195960
/ANG,   1,   86.9758308480  
/REPLO  
/VIEW,  1, -0.940899559497    , -0.293063935900    ,  0.169769103235
/ANG,   1,   86.5164374476  
/REPLO  
/VIEW,  1, -0.938484578969    , -0.308893929250    ,  0.154373687883
/ANG,   1,   86.7763337518  
/REPLO  
/FOC,   1,   32.4692465599    ,   18.4420818167    ,   1.87597692791
/REPLO  
/DIST, 1 ,0.924021,1
/REP,FAST   
/DIST, 1 ,0.924021,1
/REP,FAST   
/DIST, 1 ,0.924021,1
/REP,FAST   
/DIST, 1 ,0.924021,1
/REP,FAST   
/DIST, 1 ,0.924021,1
/REP,FAST   
/DIST, 1 ,0.924021,1
/REP,FAST   
/DIST, 1 ,0.924021,1
/REP,FAST   
/DIST, 1 ,0.924021,1
/REP,FAST   
/DIST, 1 ,0.924021,1
/REP,FAST   
/DIST, 1 ,0.924021,1
/REP,FAST   
eplot   
/FOC,   1,   34.2369199494    ,   12.4028068365    ,  0.537917543841
/REPLO  
/DIST, 1 ,1.082226,1
/REP,FAST   
/DIST, 1 ,1.082226,1
/REP,FAST   
/DIST, 1 ,1.082226,1
/REP,FAST   
/DIST, 1 ,1.082226,1
/REP,FAST   
/DIST, 1 ,0.924021,1
/REP,FAST   
/DIST, 1 ,0.924021,1
/REP,FAST   
/PNUM,elem,1
/REPLOT 
/VIEW,  1, -0.938378169637    , -0.269959566685    ,  0.215796763423
/ANG,   1,   85.7527738392  
/REPLO  
/VIEW,  1, -0.933518163052    , -0.180389602011    ,  0.309844203976
/ANG,   1,   84.5420367099  
/REPLO  
/VIEW,  1, -0.928187828467    , -0.334729867608E-01,  0.370603446075
/ANG,   1,   84.2310256160  
/REPLO  
/VIEW,  1, -0.927944001544    , -0.169626824639E-02,  0.372715780015
/ANG,   1,   84.2336702779  
/REPLO  
/DIST, 1 ,1.082226,1
/REP,FAST   
/DIST, 1 ,1.082226,1
/REP,FAST   
/DIST, 1 ,1.082226,1
/REP,FAST   
/DIST, 1 ,1.082226,1
/REP,FAST   
/DIST, 1 ,1.082226,1
/REP,FAST   
/DIST, 1 ,1.082226,1
/REP,FAST   
/DIST, 1 ,1.082226,1
/REP,FAST   
/DIST, 1 ,1.082226,1
/REP,FAST   
/DIST, 1 ,1.082226,1
/REP,FAST   
/VIEW,  1, -0.953985369807    , -0.238548748229    ,  0.181676660341
/ANG,   1,   84.5131545628  
/REPLO  
/VIEW,  1, -0.946283306233    , -0.251705520624    ,  0.202958703268
/ANG,   1,   84.1903660761  
/REPLO  
/DIST, 1 ,0.924021,1
/REP,FAST   
/DIST, 1 ,0.924021,1
/REP,FAST   
/DIST, 1 ,0.924021,1
/REP,FAST   
/DIST, 1 ,0.924021,1
/REP,FAST   
/DIST, 1 ,0.924021,1
/REP,FAST   
/DIST, 1 ,0.924021,1
/REP,FAST   
/DIST, 1 ,0.924021,1
/REP,FAST   
/DIST, 1 ,0.924021,1
/REP,FAST   
/DIST, 1 ,0.924021,1
/REP,FAST   
/DIST, 1 ,0.924021,1
/REP,FAST   
/DIST, 1 ,0.924021,1
/REP,FAST   
/DIST, 1 ,0.924021,1
/REP,FAST   
/DIST, 1 ,0.924021,1
/REP,FAST   
/DIST, 1 ,0.924021,1
/REP,FAST   
/DIST, 1 ,0.924021,1
/REP,FAST   
/DIST, 1 ,0.924021,1
/REP,FAST   
/DIST, 1 ,0.924021,1
/REP,FAST   
/DIST, 1 ,0.924021,1
/REP,FAST   
/DIST, 1 ,0.924021,1
/REP,FAST   
/DIST, 1 ,0.924021,1
/REP,FAST   
/DIST, 1 ,0.924021,1
/REP,FAST   
/DIST, 1 ,0.924021,1
/REP,FAST   
/DIST, 1 ,0.924021,1
/REP,FAST   
/DIST, 1 ,0.924021,1
/REP,FAST   
/FOC,   1,   34.0731014877    ,   11.9274599194    , -0.815392831055
/REPLO  
/FOC,   1,   34.1069343930    ,   11.1543935484    ,  -1.61639105027
/REPLO  
/FOC,   1,   34.1897482885    ,   10.5485341080    ,  -1.98165136116
/REPLO  
/FOC,   1,   34.2775330317    ,   10.0360253900    ,  -2.20796359073
/REPLO  
/DIST, 1 ,1.082226,1
/REP,FAST   
/DIST, 1 ,1.082226,1
/REP,FAST   
/DIST, 1 ,1.082226,1
/REP,FAST   
/DIST, 1 ,1.082226,1
/REP,FAST   
/DIST, 1 ,1.082226,1
/REP,FAST   
/DIST, 1 ,1.082226,1
/REP,FAST   
/DIST, 1 ,1.082226,1
/REP,FAST   
/DIST, 1 ,1.082226,1
/REP,FAST   
/DIST, 1 ,1.082226,1
/REP,FAST   
/DIST, 1 ,1.082226,1
/REP,FAST   
/DIST, 1 ,1.082226,1
/REP,FAST   
/DIST, 1 ,1.082226,1
/REP,FAST   
/DIST, 1 ,1.082226,1
/REP,FAST   
/DIST, 1 ,1.082226,1
/REP,FAST   
/DIST, 1 ,1.082226,1
/REP,FAST   
/DIST, 1 ,1.082226,1
/REP,FAST   
/DIST, 1 ,1.082226,1
/REP,FAST   
/DIST, 1 ,1.082226,1
/REP,FAST   
/DIST, 1 ,1.082226,1
/REP,FAST   
/DIST, 1 ,1.082226,1
/REP,FAST   
/DIST, 1 ,1.082226,1
/REP,FAST   
/DIST, 1 ,1.082226,1
/REP,FAST   
/DIST, 1 ,1.082226,1
/REP,FAST   
/DIST, 1 ,1.082226,1
/REP,FAST   
/DIST, 1 ,1.082226,1
/REP,FAST   
/DIST, 1 ,1.082226,1
/REP,FAST   
/DIST, 1 ,1.082226,1
/REP,FAST   
/DIST, 1 ,1.082226,1
/REP,FAST   
/DIST, 1 ,1.082226,1
/REP,FAST   
/DIST, 1 ,1.082226,1
/REP,FAST   
/DIST, 1 ,0.924021,1
/REP,FAST   
/DIST, 1 ,0.924021,1
/REP,FAST   
/DIST, 1 ,0.924021,1
/REP,FAST   
/DIST, 1 ,0.924021,1
/REP,FAST   
/DIST, 1 ,0.924021,1
/REP,FAST   
/DIST, 1 ,0.924021,1
/REP,FAST   
/DIST, 1 ,0.924021,1
/REP,FAST   
/DIST, 1 ,0.924021,1
/REP,FAST   
/DIST, 1 ,0.924021,1
/REP,FAST   
/DIST, 1 ,0.924021,1
/REP,FAST   
/DIST, 1 ,0.924021,1
/REP,FAST   
/DIST, 1 ,0.924021,1
/REP,FAST   
/DIST, 1 ,0.924021,1
/REP,FAST   
/DIST, 1 ,0.924021,1
/REP,FAST   
/DIST, 1 ,0.924021,1
/REP,FAST   
/DIST, 1 ,0.924021,1
/REP,FAST   
/DIST, 1 ,0.924021,1
/REP,FAST   
/DIST, 1 ,0.924021,1
/REP,FAST   
/DIST, 1 ,0.924021,1
/REP,FAST   
/DIST, 1 ,0.924021,1
/REP,FAST   
/DIST, 1 ,0.924021,1
/REP,FAST   
/DIST, 1 ,0.924021,1
/REP,FAST   
/DIST, 1 ,0.924021,1
/REP,FAST   
/DIST, 1 ,0.924021,1
/REP,FAST   
/DIST, 1 ,0.924021,1
/REP,FAST   
/DIST, 1 ,0.924021,1
/REP,FAST   
/DIST, 1 ,0.924021,1
/REP,FAST   
/DIST, 1 ,0.924021,1
/REP,FAST   
/DIST, 1 ,0.924021,1
/REP,FAST   
/DIST, 1 ,0.924021,1
/REP,FAST   
/DIST, 1 ,0.924021,1
/REP,FAST   
/DIST, 1 ,0.924021,1
/REP,FAST   
/DIST, 1 ,0.924021,1
/REP,FAST   
/DIST, 1 ,0.924021,1
/REP,FAST   
/DIST, 1 ,0.924021,1
/REP,FAST   
/DIST, 1 ,1.082226,1
/REP,FAST   
/DIST, 1 ,1.082226,1
/REP,FAST   
/DIST, 1 ,1.082226,1
/REP,FAST   
/DIST, 1 ,1.082226,1
/REP,FAST   
/DIST, 1 ,1.082226,1
/REP,FAST   
/DIST, 1 ,1.082226,1
/REP,FAST   
/DIST, 1 ,1.082226,1
/REP,FAST   
/DIST, 1 ,1.082226,1
/REP,FAST   
/DIST, 1 ,1.082226,1
/REP,FAST   
/DIST, 1 ,1.082226,1
/REP,FAST   
/DIST, 1 ,1.082226,1
/REP,FAST   
/DIST, 1 ,1.082226,1
/REP,FAST   
/DIST, 1 ,1.082226,1
/REP,FAST   
/DIST, 1 ,1.082226,1
/REP,FAST   
/DIST, 1 ,1.082226,1
/REP,FAST   
/DIST, 1 ,1.082226,1
/REP,FAST   
/DIST, 1 ,1.082226,1
/REP,FAST   
/DIST, 1 ,1.082226,1
/REP,FAST   
/DIST, 1 ,1.082226,1
/REP,FAST   
/DIST, 1 ,1.082226,1
/REP,FAST   
/DIST, 1 ,1.082226,1
/REP,FAST   
/DIST, 1 ,1.082226,1
/REP,FAST   
/DIST, 1 ,1.082226,1
/REP,FAST   
/DIST, 1 ,1.082226,1
/REP,FAST   
/DIST, 1 ,1.082226,1
/REP,FAST   
/DIST, 1 ,1.082226,1
/REP,FAST   
/DIST, 1 ,1.082226,1
/REP,FAST   
/DIST, 1 ,1.082226,1
/REP,FAST   
/DIST, 1 ,1.082226,1
/REP,FAST   
/DIST, 1 ,1.082226,1
/REP,FAST   
/DIST, 1 ,1.082226,1
/REP,FAST   
/DIST, 1 ,1.082226,1
/REP,FAST   
/DIST, 1 ,0.924021,1
/REP,FAST   
/DIST, 1 ,1.082226,1
/REP,FAST   
/DIST, 1 ,0.924021,1
/REP,FAST   
/DIST, 1 ,0.924021,1
/REP,FAST   
/DIST, 1 ,0.924021,1
/REP,FAST   
/DIST, 1 ,0.924021,1
/REP,FAST   
/DIST, 1 ,0.924021,1
/REP,FAST   
/DIST, 1 ,0.924021,1
/REP,FAST   
/DIST, 1 ,0.924021,1
/REP,FAST   
/DIST, 1 ,0.924021,1
/REP,FAST   
/DIST, 1 ,0.924021,1
/REP,FAST   
/DIST, 1 ,0.924021,1
/REP,FAST   
/DIST, 1 ,0.924021,1
/REP,FAST   
/DIST, 1 ,0.924021,1
/REP,FAST   
/DIST, 1 ,0.924021,1
/REP,FAST   
/DIST, 1 ,0.924021,1
/REP,FAST   
/DIST, 1 ,0.924021,1
/REP,FAST   
/DIST, 1 ,0.924021,1
/REP,FAST   
/DIST, 1 ,0.924021,1
/REP,FAST   
/DIST, 1 ,0.924021,1
/REP,FAST   
/DIST, 1 ,0.924021,1
/REP,FAST   
/DIST, 1 ,0.924021,1
/REP,FAST   
/DIST, 1 ,0.924021,1
/REP,FAST   
/DIST, 1 ,1.082226,1
/REP,FAST   
/DIST, 1 ,1.082226,1
/REP,FAST   
/DIST, 1 ,1.082226,1
/REP,FAST   
/DIST, 1 ,1.082226,1
/REP,FAST   
/DIST, 1 ,1.082226,1
/REP,FAST   
/DIST, 1 ,1.082226,1
/REP,FAST   
/DIST, 1 ,1.082226,1
/REP,FAST   
/DIST, 1 ,1.082226,1
/REP,FAST   
/DIST, 1 ,1.082226,1
/REP,FAST   
/DIST, 1 ,1.082226,1
/REP,FAST   
/DIST, 1 ,1.082226,1
/REP,FAST   
/DIST, 1 ,1.082226,1
/REP,FAST   
/DIST, 1 ,1.082226,1
/REP,FAST   
/FOC,   1,   32.9519683120    ,   16.1132205274    , -0.851511288086
/REPLO  
/FOC,   1,   32.5775891883    ,   17.8583444337    , -0.432763015192
/REPLO  
/FOC,   1,   32.2653249093    ,   19.2069350029    , -0.216180940594
/REPLO  
/DIST, 1 ,1.082226,1
/REP,FAST   
/DIST, 1 ,1.082226,1
/REP,FAST   
/DIST, 1 ,1.082226,1
/REP,FAST   
/DIST, 1 ,1.082226,1
/REP,FAST   
/DIST, 1 ,1.082226,1
/REP,FAST   
/DIST, 1 ,1.082226,1
/REP,FAST   
/DIST, 1 ,1.082226,1
/REP,FAST   
/FOC,   1,   34.4805916798    ,   11.1091187314    ,  0.696156393896E-01
/REPLO  
/DIST, 1 ,0.924021,1
/REP,FAST   
/DIST, 1 ,0.924021,1
/REP,FAST   
/DIST, 1 ,0.924021,1
/REP,FAST   
/DIST, 1 ,0.924021,1
/REP,FAST   
/DIST, 1 ,0.924021,1
/REP,FAST   
/DIST, 1 ,0.924021,1
/REP,FAST   
/DIST, 1 ,0.924021,1
/REP,FAST   
/DIST, 1 ,0.924021,1
/REP,FAST   
/DIST, 1 ,0.924021,1
/REP,FAST   
/DIST, 1 ,0.924021,1
/REP,FAST   
/DIST, 1 ,0.924021,1
/REP,FAST   
/DIST, 1 ,0.924021,1
/REP,FAST   
/DIST, 1 ,0.924021,1
/REP,FAST   
/DIST, 1 ,0.924021,1
/REP,FAST   
/DIST, 1 ,0.924021,1
/REP,FAST   
/DIST, 1 ,0.924021,1
/REP,FAST   
/DIST, 1 ,0.924021,1
/REP,FAST   
/DIST, 1 ,0.924021,1
/REP,FAST   
/DIST, 1 ,0.924021,1
/REP,FAST   
/DIST, 1 ,0.924021,1
/REP,FAST   
/DIST, 1 ,0.924021,1
/REP,FAST   
/DIST, 1 ,0.924021,1
/REP,FAST   
/DIST, 1 ,0.924021,1
/REP,FAST   
/DIST, 1 ,0.924021,1
/REP,FAST   
/DIST, 1 ,0.924021,1
/REP,FAST   
/DIST, 1 ,0.924021,1
/REP,FAST   
/DIST, 1 ,0.924021,1
/REP,FAST   
/DIST, 1 ,0.924021,1
/REP,FAST   
/DIST, 1 ,0.924021,1
/REP,FAST   
/DIST, 1 ,0.924021,1
/REP,FAST   
/DIST, 1 ,0.924021,1
/REP,FAST   
/DIST, 1 ,1.082226,1
/REP,FAST   
/DIST, 1 ,1.082226,1
/REP,FAST   
/DIST, 1 ,1.082226,1
/REP,FAST   
/DIST, 1 ,1.082226,1
/REP,FAST   
/DIST, 1 ,1.082226,1
/REP,FAST   
/DIST, 1 ,1.082226,1
/REP,FAST   
/DIST, 1 ,1.082226,1
/REP,FAST   
/DIST, 1 ,1.082226,1
/REP,FAST   
/DIST, 1 ,1.082226,1
/REP,FAST   
/FOC,   1,   34.8324768845    ,   9.04351041057    , -0.851467910517
/REPLO  
/FOC,   1,   34.8772255878    ,   8.79090008631    , -0.956112165566
/REPLO  
FINISH  
! /EXIT,NOSAV   
/BATCH  
/COM,ANSYS RELEASE 2025 R1           BUILD 25.1      UP20241202       11:00:28
/input,menust,tmp,''
/GRA,POWER
/GST,ON
/PLO,INFO,3
/GRO,CURL,ON
/CPLANE,1   
/REPLOT,RESIZE  
WPSTYLE,,,,,,,,0
/REPLOT,RESIZE  
RESUME,'SaveFile2','db','C:\Users\atbys\ONEDRI~1\9F2BB~1.SEM\VISUAL~1\DMS3-L~1\FEWA\AnsOut\',0,0
/COM,ANSYS RELEASE 2025 R1           BUILD 25.1      UP20241202       11:01:02
/REPLOT,RESIZE  
/USER,  1   
/VIEW,  1, -0.571720016708    , -0.816352635393    , -0.818816046618E-01
/ANG,   1,   77.4257412602  
/REPLO  
/VIEW,  1, -0.996531305085    ,  0.774688125033E-01, -0.303963990485E-01
/ANG,   1,   90.5340762034  
/REPLO  
/VIEW,  1, -0.873415311093    , -0.351917410583    ,  0.336600401777
/ANG,   1,   79.3411807207  
/REPLO  
/DIST, 1 ,0.924021,1
/REP,FAST   
/DIST, 1 ,0.924021,1
/REP,FAST   
/DIST, 1 ,0.924021,1
/REP,FAST   
/DIST, 1 ,0.924021,1
/REP,FAST   
/DIST, 1 ,0.924021,1
/REP,FAST   
/DIST, 1 ,0.924021,1
/REP,FAST   
/FOC,   1,   45.9332635786    ,   26.0659668570    ,  -5.76235958377
/REPLO  
/DIST, 1 ,0.924021,1
/REP,FAST   
/DIST, 1 ,0.924021,1
/REP,FAST   
/DIST, 1 ,0.924021,1
/REP,FAST   
/SOLU   
!*  
ANTYPE,4
!*  
TRNOPT,FULL 
LUMPM,0 
!*  
DELTIM,0,5,0,0  
AUTOTS,0
DELTIM,0,5,1,0  
!*  
!*  
ANTYPE,4
!*  
TRNOPT,FULL 
LUMPM,0 
!*  
ANTYPE,4
NLGEOM,1
DELTIM,0,5,1,1  
TIME,10 
